TpTrace Verbose: 0 : 32656, 1, 2022/03/24, 20:24:34.276, 968133492335, vstest.console.dll, Version: 17.0.0
TpTrace Information: 0 : 32656, 1, 2022/03/24, 20:24:34.290, 968133612922, vstest.console.dll, FilePatternParser: The given file C:\Users\hp\Desktop\BankAppTesting\BankAppTesting\BankAppUnitTest\bin\Debug\netcoreapp3.1\fine-code-coverage\build-output\BankAppUnitTest.dll is a full path.
TpTrace Verbose: 0 : 32656, 1, 2022/03/24, 20:24:34.296, 968133675968, vstest.console.dll, TestPluginCache.DiscoverTestExtensions: finding test extensions in assemblies ends with: RuntimeProvider.dll TPluginInfo: Microsoft.VisualStudio.TestPlatform.Common.ExtensionFramework.Utilities.TestRuntimePluginInformation TExtension: Microsoft.VisualStudio.TestPlatform.ObjectModel.Host.ITestRuntimeProvider
TpTrace Verbose: 0 : 32656, 1, 2022/03/24, 20:24:34.297, 968133684242, vstest.console.dll, TestPluginCache.GetExtensionPaths: Filtered extension paths: 
TpTrace Verbose: 0 : 32656, 1, 2022/03/24, 20:24:34.297, 968133686110, vstest.console.dll, TestPluginCache.GetExtensionPaths: Added default extension paths: C:\Program Files\dotnet\sdk\6.0.102\Extensions\Microsoft.Diagnostics.NETCore.Client.dll
C:\Program Files\dotnet\sdk\6.0.102\Extensions\Microsoft.TestPlatform.Extensions.BlameDataCollector.dll
C:\Program Files\dotnet\sdk\6.0.102\Extensions\Microsoft.TestPlatform.Extensions.EventLogCollector.dll
C:\Program Files\dotnet\sdk\6.0.102\Extensions\Microsoft.TestPlatform.TestHostRuntimeProvider.dll
C:\Program Files\dotnet\sdk\6.0.102\Extensions\Microsoft.VisualStudio.TestPlatform.Extensions.Html.TestLogger.dll
C:\Program Files\dotnet\sdk\6.0.102\Extensions\Microsoft.VisualStudio.TestPlatform.Extensions.Trx.TestLogger.dll
TpTrace Verbose: 0 : 32656, 1, 2022/03/24, 20:24:34.297, 968133686619, vstest.console.dll, TestPluginCache.GetExtensionPaths: Added unfilterableExtensionPaths: 
TpTrace Information: 0 : 32656, 1, 2022/03/24, 20:24:34.299, 968133702782, vstest.console.dll, AssemblyResolver.ctor: Creating AssemblyResolver with searchDirectories C:\Program Files\dotnet\sdk\6.0.102\Extensions,C:\Program Files\dotnet\sdk\6.0.102
TpTrace Verbose: 0 : 32656, 1, 2022/03/24, 20:24:34.300, 968133716231, vstest.console.dll, TestPluginCache.DiscoverTestExtensions: Discovering the extensions using extension path.
TpTrace Verbose: 0 : 32656, 1, 2022/03/24, 20:24:34.300, 968133717873, vstest.console.dll, TestPluginCache.GetExtensionPaths: Filtered extension paths: 
TpTrace Verbose: 0 : 32656, 1, 2022/03/24, 20:24:34.300, 968133718310, vstest.console.dll, TestPluginCache.GetExtensionPaths: Added default extension paths: C:\Program Files\dotnet\sdk\6.0.102\Extensions\Microsoft.Diagnostics.NETCore.Client.dll
C:\Program Files\dotnet\sdk\6.0.102\Extensions\Microsoft.TestPlatform.Extensions.BlameDataCollector.dll
C:\Program Files\dotnet\sdk\6.0.102\Extensions\Microsoft.TestPlatform.Extensions.EventLogCollector.dll
C:\Program Files\dotnet\sdk\6.0.102\Extensions\Microsoft.TestPlatform.TestHostRuntimeProvider.dll
C:\Program Files\dotnet\sdk\6.0.102\Extensions\Microsoft.VisualStudio.TestPlatform.Extensions.Html.TestLogger.dll
C:\Program Files\dotnet\sdk\6.0.102\Extensions\Microsoft.VisualStudio.TestPlatform.Extensions.Trx.TestLogger.dll
TpTrace Verbose: 0 : 32656, 1, 2022/03/24, 20:24:34.300, 968133718708, vstest.console.dll, TestPluginCache.GetExtensionPaths: Added unfilterableExtensionPaths: 
TpTrace Verbose: 0 : 32656, 1, 2022/03/24, 20:24:34.300, 968133719442, vstest.console.dll, TestPluginCache.DiscoverTestExtensions: Discovering the extensions using allExtensionPaths: C:\Program Files\dotnet\sdk\6.0.102\Extensions\Microsoft.Diagnostics.NETCore.Client.dll
C:\Program Files\dotnet\sdk\6.0.102\Extensions\Microsoft.TestPlatform.Extensions.BlameDataCollector.dll
C:\Program Files\dotnet\sdk\6.0.102\Extensions\Microsoft.TestPlatform.Extensions.EventLogCollector.dll
C:\Program Files\dotnet\sdk\6.0.102\Extensions\Microsoft.TestPlatform.TestHostRuntimeProvider.dll
C:\Program Files\dotnet\sdk\6.0.102\Extensions\Microsoft.VisualStudio.TestPlatform.Extensions.Html.TestLogger.dll
C:\Program Files\dotnet\sdk\6.0.102\Extensions\Microsoft.VisualStudio.TestPlatform.Extensions.Trx.TestLogger.dll
TpTrace Information: 0 : 32656, 1, 2022/03/24, 20:24:34.300, 968133721294, vstest.console.dll, AssemblyResolver.AddSearchDirectories: Adding more searchDirectories C:\Program Files\dotnet\sdk\6.0.102\Extensions,C:\Program Files\dotnet\sdk\6.0.102
TpTrace Information: 0 : 32656, 1, 2022/03/24, 20:24:34.300, 968133721943, vstest.console.dll, AssemblyResolver.AddSearchDirectories: Adding more searchDirectories C:\Program Files\dotnet\sdk\6.0.102\Extensions,C:\Program Files\dotnet\sdk\6.0.102
TpTrace Information: 0 : 32656, 1, 2022/03/24, 20:24:34.300, 968133722195, vstest.console.dll, AssemblyResolver.AddSearchDirectories: Adding more searchDirectories C:\Program Files\dotnet\sdk\6.0.102\Extensions,C:\Program Files\dotnet\sdk\6.0.102
TpTrace Information: 0 : 32656, 1, 2022/03/24, 20:24:34.300, 968133722461, vstest.console.dll, AssemblyResolver.AddSearchDirectories: Adding more searchDirectories C:\Program Files\dotnet\sdk\6.0.102\Extensions,C:\Program Files\dotnet\sdk\6.0.102
TpTrace Information: 0 : 32656, 1, 2022/03/24, 20:24:34.301, 968133722683, vstest.console.dll, AssemblyResolver.AddSearchDirectories: Adding more searchDirectories C:\Program Files\dotnet\sdk\6.0.102\Extensions,C:\Program Files\dotnet\sdk\6.0.102
TpTrace Information: 0 : 32656, 1, 2022/03/24, 20:24:34.301, 968133722922, vstest.console.dll, AssemblyResolver.AddSearchDirectories: Adding more searchDirectories C:\Program Files\dotnet\sdk\6.0.102\Extensions,C:\Program Files\dotnet\sdk\6.0.102
TpTrace Information: 0 : 32656, 1, 2022/03/24, 20:24:34.301, 968133726417, vstest.console.dll, AssemblyResolver.OnResolve: Microsoft.Diagnostics.NETCore.Client: Resolving assembly.
TpTrace Information: 0 : 32656, 1, 2022/03/24, 20:24:34.301, 968133727066, vstest.console.dll, AssemblyResolver.OnResolve: Microsoft.Diagnostics.NETCore.Client: Searching in: 'C:\Program Files\dotnet\sdk\6.0.102\Extensions'.
TpTrace Information: 0 : 32656, 1, 2022/03/24, 20:24:34.302, 968133734947, vstest.console.dll, AssemblyResolver.OnResolve: Microsoft.Diagnostics.NETCore.Client: Loading assembly 'C:\Program Files\dotnet\sdk\6.0.102\Extensions\Microsoft.Diagnostics.NETCore.Client.dll'.
TpTrace Information: 0 : 32656, 1, 2022/03/24, 20:24:34.302, 968133742260, vstest.console.dll, AssemblyResolver.OnResolve: Resolved assembly: Microsoft.Diagnostics.NETCore.Client, from path: C:\Program Files\dotnet\sdk\6.0.102\Extensions\Microsoft.Diagnostics.NETCore.Client.dll
TpTrace Information: 0 : 32656, 1, 2022/03/24, 20:24:34.310, 968133817836, vstest.console.dll, AssemblyResolver.OnResolve: Microsoft.Bcl.AsyncInterfaces: Resolving assembly.
TpTrace Information: 0 : 32656, 1, 2022/03/24, 20:24:34.310, 968133819065, vstest.console.dll, AssemblyResolver.OnResolve: Microsoft.Bcl.AsyncInterfaces: Searching in: 'C:\Program Files\dotnet\sdk\6.0.102\Extensions'.
TpTrace Information: 0 : 32656, 1, 2022/03/24, 20:24:34.310, 968133819945, vstest.console.dll, AssemblyResolver.OnResolve: Microsoft.Bcl.AsyncInterfaces: Assembly path does not exist: 'C:\Program Files\dotnet\sdk\6.0.102\Extensions\Microsoft.Bcl.AsyncInterfaces.dll', returning.
TpTrace Information: 0 : 32656, 1, 2022/03/24, 20:24:34.310, 968133820469, vstest.console.dll, AssemblyResolver.OnResolve: Microsoft.Bcl.AsyncInterfaces: Assembly path does not exist: 'C:\Program Files\dotnet\sdk\6.0.102\Extensions\Microsoft.Bcl.AsyncInterfaces.exe', returning.
TpTrace Information: 0 : 32656, 1, 2022/03/24, 20:24:34.310, 968133820694, vstest.console.dll, AssemblyResolver.OnResolve: Microsoft.Bcl.AsyncInterfaces: Searching in: 'C:\Program Files\dotnet\sdk\6.0.102'.
TpTrace Information: 0 : 32656, 1, 2022/03/24, 20:24:34.310, 968133821309, vstest.console.dll, AssemblyResolver.OnResolve: Microsoft.Bcl.AsyncInterfaces: Assembly path does not exist: 'C:\Program Files\dotnet\sdk\6.0.102\Microsoft.Bcl.AsyncInterfaces.dll', returning.
TpTrace Information: 0 : 32656, 1, 2022/03/24, 20:24:34.310, 968133821946, vstest.console.dll, AssemblyResolver.OnResolve: Microsoft.Bcl.AsyncInterfaces: Assembly path does not exist: 'C:\Program Files\dotnet\sdk\6.0.102\Microsoft.Bcl.AsyncInterfaces.exe', returning.
TpTrace Information: 0 : 32656, 1, 2022/03/24, 20:24:34.311, 968133822740, vstest.console.dll, AssemblyResolver.OnResolve: Microsoft.Bcl.AsyncInterfaces: Failed to load assembly.
TpTrace Verbose: 0 : 32656, 1, 2022/03/24, 20:24:34.311, 968133823164, vstest.console.dll, CurrentDomainAssemblyResolve: Resolving assembly 'Microsoft.Bcl.AsyncInterfaces'.
TpTrace Information: 0 : 32656, 1, 2022/03/24, 20:24:34.311, 968133823761, vstest.console.dll, AssemblyResolver.OnResolve: Microsoft.Bcl.AsyncInterfaces: Resolving assembly.
TpTrace Information: 0 : 32656, 1, 2022/03/24, 20:24:34.311, 968133824161, vstest.console.dll, AssemblyResolver.OnResolve: Microsoft.Bcl.AsyncInterfaces: Resolved from cache.
TpTrace Verbose: 0 : 32656, 1, 2022/03/24, 20:24:34.311, 968133824403, vstest.console.dll, CurrentDomainAssemblyResolve: Resolving assembly 'Microsoft.Bcl.AsyncInterfaces'.
TpTrace Verbose: 0 : 32656, 1, 2022/03/24, 20:24:34.311, 968133824720, vstest.console.dll, CurrentDomainAssemblyResolve: Failed to resolve assembly 'Microsoft.Bcl.AsyncInterfaces'.
TpTrace Verbose: 0 : 32656, 1, 2022/03/24, 20:24:34.311, 968133829736, vstest.console.dll, CurrentDomainAssemblyResolve: Failed to resolve assembly 'Microsoft.Bcl.AsyncInterfaces'.
TpTrace Warning: 0 : 32656, 1, 2022/03/24, 20:24:34.333, 968134047050, vstest.console.dll, TestPluginDiscoverer: Failed to get types from assembly 'Microsoft.Diagnostics.NETCore.Client, Version=0.2.4.21401, Culture=neutral, PublicKeyToken=31bf3856ad364e35'.  Skipping test extension scan for this assembly.  Error: System.Reflection.ReflectionTypeLoadException: Unable to load one or more of the requested types.
Could not load file or assembly 'Microsoft.Bcl.AsyncInterfaces, Version=1.0.0.0, Culture=neutral, PublicKeyToken=cc7b13ffcd2ddd51'. The system cannot find the file specified.
   at System.Reflection.RuntimeModule.GetTypes(RuntimeModule module)
   at System.Reflection.Assembly.GetTypes()
   at Microsoft.VisualStudio.TestPlatform.Common.ExtensionFramework.TestPluginDiscoverer.GetTestExtensionsFromAssembly[TPluginInfo,TExtension](Assembly assembly, Dictionary`2 pluginInfos)
System.IO.FileNotFoundException: Could not load file or assembly 'Microsoft.Bcl.AsyncInterfaces, Version=1.0.0.0, Culture=neutral, PublicKeyToken=cc7b13ffcd2ddd51'. The system cannot find the file specified.
File name: 'Microsoft.Bcl.AsyncInterfaces, Version=1.0.0.0, Culture=neutral, PublicKeyToken=cc7b13ffcd2ddd51'
 ---> System.IO.FileNotFoundException: Could not load file or assembly 'Microsoft.Bcl.AsyncInterfaces, Culture=neutral, PublicKeyToken=null'. The system cannot find the file specified.
File name: 'Microsoft.Bcl.AsyncInterfaces, Culture=neutral, PublicKeyToken=null'
   at System.Reflection.RuntimeAssembly.InternalLoad(ObjectHandleOnStack assemblyName, ObjectHandleOnStack requestingAssembly, StackCrawlMarkHandle stackMark, Boolean throwOnFileNotFound, ObjectHandleOnStack assemblyLoadContext, ObjectHandleOnStack retAssembly)
   at System.Reflection.RuntimeAssembly.InternalLoad(AssemblyName assemblyName, RuntimeAssembly requestingAssembly, StackCrawlMark& stackMark, Boolean throwOnFileNotFound, AssemblyLoadContext assemblyLoadContext)
   at System.Reflection.Assembly.Load(AssemblyName assemblyRef)
   at Microsoft.VisualStudio.TestPlatform.Common.ExtensionFramework.TestPluginCache.CurrentDomainAssemblyResolve(Object sender, AssemblyResolveEventArgs args)
   at Microsoft.VisualStudio.TestPlatform.PlatformAbstractions.PlatformAssemblyResolver.AssemblyResolverEvent(Object sender, Object eventArgs)
   at System.Runtime.Loader.AssemblyLoadContext.GetFirstResolvedAssemblyFromResolvingEvent(AssemblyName assemblyName)
   at System.Runtime.Loader.AssemblyLoadContext.ResolveUsingEvent(AssemblyName assemblyName)
   at System.Runtime.Loader.AssemblyLoadContext.ResolveUsingResolvingEvent(IntPtr gchManagedAssemblyLoadContext, AssemblyName assemblyName)
TpTrace Warning: 0 : 32656, 1, 2022/03/24, 20:24:34.333, 968134049725, vstest.console.dll, LoaderExceptions: System.IO.FileNotFoundException: Could not load file or assembly 'Microsoft.Bcl.AsyncInterfaces, Version=1.0.0.0, Culture=neutral, PublicKeyToken=cc7b13ffcd2ddd51'. The system cannot find the file specified.
File name: 'Microsoft.Bcl.AsyncInterfaces, Version=1.0.0.0, Culture=neutral, PublicKeyToken=cc7b13ffcd2ddd51'
 ---> System.IO.FileNotFoundException: Could not load file or assembly 'Microsoft.Bcl.AsyncInterfaces, Culture=neutral, PublicKeyToken=null'. The system cannot find the file specified.
File name: 'Microsoft.Bcl.AsyncInterfaces, Culture=neutral, PublicKeyToken=null'
   at System.Reflection.RuntimeAssembly.InternalLoad(ObjectHandleOnStack assemblyName, ObjectHandleOnStack requestingAssembly, StackCrawlMarkHandle stackMark, Boolean throwOnFileNotFound, ObjectHandleOnStack assemblyLoadContext, ObjectHandleOnStack retAssembly)
   at System.Reflection.RuntimeAssembly.InternalLoad(AssemblyName assemblyName, RuntimeAssembly requestingAssembly, StackCrawlMark& stackMark, Boolean throwOnFileNotFound, AssemblyLoadContext assemblyLoadContext)
   at System.Reflection.Assembly.Load(AssemblyName assemblyRef)
   at Microsoft.VisualStudio.TestPlatform.Common.ExtensionFramework.TestPluginCache.CurrentDomainAssemblyResolve(Object sender, AssemblyResolveEventArgs args)
   at Microsoft.VisualStudio.TestPlatform.PlatformAbstractions.PlatformAssemblyResolver.AssemblyResolverEvent(Object sender, Object eventArgs)
   at System.Runtime.Loader.AssemblyLoadContext.GetFirstResolvedAssemblyFromResolvingEvent(AssemblyName assemblyName)
   at System.Runtime.Loader.AssemblyLoadContext.ResolveUsingEvent(AssemblyName assemblyName)
   at System.Runtime.Loader.AssemblyLoadContext.ResolveUsingResolvingEvent(IntPtr gchManagedAssemblyLoadContext, AssemblyName assemblyName)
TpTrace Information: 0 : 32656, 1, 2022/03/24, 20:24:34.333, 968134051022, vstest.console.dll, AssemblyResolver.OnResolve: Microsoft.TestPlatform.Extensions.BlameDataCollector: Resolving assembly.
TpTrace Information: 0 : 32656, 1, 2022/03/24, 20:24:34.333, 968134051441, vstest.console.dll, AssemblyResolver.OnResolve: Microsoft.TestPlatform.Extensions.BlameDataCollector: Searching in: 'C:\Program Files\dotnet\sdk\6.0.102\Extensions'.
TpTrace Information: 0 : 32656, 1, 2022/03/24, 20:24:34.334, 968134056464, vstest.console.dll, AssemblyResolver.OnResolve: Microsoft.TestPlatform.Extensions.BlameDataCollector: Loading assembly 'C:\Program Files\dotnet\sdk\6.0.102\Extensions\Microsoft.TestPlatform.Extensions.BlameDataCollector.dll'.
TpTrace Information: 0 : 32656, 1, 2022/03/24, 20:24:34.335, 968134064170, vstest.console.dll, AssemblyResolver.OnResolve: Resolved assembly: Microsoft.TestPlatform.Extensions.BlameDataCollector, from path: C:\Program Files\dotnet\sdk\6.0.102\Extensions\Microsoft.TestPlatform.Extensions.BlameDataCollector.dll
TpTrace Information: 0 : 32656, 1, 2022/03/24, 20:24:34.335, 968134071841, vstest.console.dll, AssemblyResolver.OnResolve: Microsoft.TestPlatform.Extensions.EventLogCollector: Resolving assembly.
TpTrace Information: 0 : 32656, 1, 2022/03/24, 20:24:34.336, 968134072594, vstest.console.dll, AssemblyResolver.OnResolve: Microsoft.TestPlatform.Extensions.EventLogCollector: Searching in: 'C:\Program Files\dotnet\sdk\6.0.102\Extensions'.
TpTrace Information: 0 : 32656, 1, 2022/03/24, 20:24:34.336, 968134080781, vstest.console.dll, AssemblyResolver.OnResolve: Microsoft.TestPlatform.Extensions.EventLogCollector: Loading assembly 'C:\Program Files\dotnet\sdk\6.0.102\Extensions\Microsoft.TestPlatform.Extensions.EventLogCollector.dll'.
TpTrace Information: 0 : 32656, 1, 2022/03/24, 20:24:34.337, 968134088687, vstest.console.dll, AssemblyResolver.OnResolve: Resolved assembly: Microsoft.TestPlatform.Extensions.EventLogCollector, from path: C:\Program Files\dotnet\sdk\6.0.102\Extensions\Microsoft.TestPlatform.Extensions.EventLogCollector.dll
TpTrace Information: 0 : 32656, 1, 2022/03/24, 20:24:34.340, 968134116613, vstest.console.dll, AssemblyResolver.OnResolve: Microsoft.TestPlatform.TestHostRuntimeProvider: Resolving assembly.
TpTrace Information: 0 : 32656, 1, 2022/03/24, 20:24:34.340, 968134118262, vstest.console.dll, AssemblyResolver.OnResolve: Microsoft.TestPlatform.TestHostRuntimeProvider: Searching in: 'C:\Program Files\dotnet\sdk\6.0.102\Extensions'.
TpTrace Information: 0 : 32656, 1, 2022/03/24, 20:24:34.341, 968134124592, vstest.console.dll, AssemblyResolver.OnResolve: Microsoft.TestPlatform.TestHostRuntimeProvider: Loading assembly 'C:\Program Files\dotnet\sdk\6.0.102\Extensions\Microsoft.TestPlatform.TestHostRuntimeProvider.dll'.
TpTrace Information: 0 : 32656, 1, 2022/03/24, 20:24:34.341, 968134130288, vstest.console.dll, AssemblyResolver.OnResolve: Resolved assembly: Microsoft.TestPlatform.TestHostRuntimeProvider, from path: C:\Program Files\dotnet\sdk\6.0.102\Extensions\Microsoft.TestPlatform.TestHostRuntimeProvider.dll
TpTrace Information: 0 : 32656, 1, 2022/03/24, 20:24:34.343, 968134149795, vstest.console.dll, AssemblyResolver.OnResolve: Microsoft.VisualStudio.TestPlatform.Extensions.Html.TestLogger: Resolving assembly.
TpTrace Information: 0 : 32656, 1, 2022/03/24, 20:24:34.344, 968134153377, vstest.console.dll, AssemblyResolver.OnResolve: Microsoft.VisualStudio.TestPlatform.Extensions.Html.TestLogger: Searching in: 'C:\Program Files\dotnet\sdk\6.0.102\Extensions'.
TpTrace Information: 0 : 32656, 1, 2022/03/24, 20:24:34.344, 968134161554, vstest.console.dll, AssemblyResolver.OnResolve: Microsoft.VisualStudio.TestPlatform.Extensions.Html.TestLogger: Loading assembly 'C:\Program Files\dotnet\sdk\6.0.102\Extensions\Microsoft.VisualStudio.TestPlatform.Extensions.Html.TestLogger.dll'.
TpTrace Information: 0 : 32656, 1, 2022/03/24, 20:24:34.345, 968134169900, vstest.console.dll, AssemblyResolver.OnResolve: Resolved assembly: Microsoft.VisualStudio.TestPlatform.Extensions.Html.TestLogger, from path: C:\Program Files\dotnet\sdk\6.0.102\Extensions\Microsoft.VisualStudio.TestPlatform.Extensions.Html.TestLogger.dll
TpTrace Information: 0 : 32656, 1, 2022/03/24, 20:24:34.346, 968134177834, vstest.console.dll, AssemblyResolver.OnResolve: Microsoft.VisualStudio.TestPlatform.Extensions.Trx.TestLogger: Resolving assembly.
TpTrace Information: 0 : 32656, 1, 2022/03/24, 20:24:34.346, 968134178819, vstest.console.dll, AssemblyResolver.OnResolve: Microsoft.VisualStudio.TestPlatform.Extensions.Trx.TestLogger: Searching in: 'C:\Program Files\dotnet\sdk\6.0.102\Extensions'.
TpTrace Information: 0 : 32656, 1, 2022/03/24, 20:24:34.347, 968134186151, vstest.console.dll, AssemblyResolver.OnResolve: Microsoft.VisualStudio.TestPlatform.Extensions.Trx.TestLogger: Loading assembly 'C:\Program Files\dotnet\sdk\6.0.102\Extensions\Microsoft.VisualStudio.TestPlatform.Extensions.Trx.TestLogger.dll'.
TpTrace Information: 0 : 32656, 1, 2022/03/24, 20:24:34.348, 968134202445, vstest.console.dll, AssemblyResolver.OnResolve: Resolved assembly: Microsoft.VisualStudio.TestPlatform.Extensions.Trx.TestLogger, from path: C:\Program Files\dotnet\sdk\6.0.102\Extensions\Microsoft.VisualStudio.TestPlatform.Extensions.Trx.TestLogger.dll
TpTrace Verbose: 0 : 32656, 1, 2022/03/24, 20:24:34.350, 968134214041, vstest.console.dll, TestPluginCache: Discovered the extensions using extension path ''.
TpTrace Verbose: 0 : 32656, 1, 2022/03/24, 20:24:34.350, 968134215185, vstest.console.dll, TestPluginCache: Discoverers are ''.
TpTrace Verbose: 0 : 32656, 1, 2022/03/24, 20:24:34.350, 968134215701, vstest.console.dll, TestPluginCache: Executors are ''.
TpTrace Verbose: 0 : 32656, 1, 2022/03/24, 20:24:34.350, 968134216208, vstest.console.dll, TestPluginCache: Executors2 are ''.
TpTrace Verbose: 0 : 32656, 1, 2022/03/24, 20:24:34.350, 968134216575, vstest.console.dll, TestPluginCache: Setting providers are ''.
TpTrace Verbose: 0 : 32656, 1, 2022/03/24, 20:24:34.350, 968134216932, vstest.console.dll, TestPluginCache: Loggers are ''.
TpTrace Information: 0 : 32656, 1, 2022/03/24, 20:24:34.359, 968134303504, vstest.console.dll, RunTestsArgumentProcessor:Execute: Test run is starting.
TpTrace Verbose: 0 : 32656, 1, 2022/03/24, 20:24:34.359, 968134306191, vstest.console.dll, RunTestsArgumentProcessor:Execute: Queuing Test run.
TpTrace Information: 0 : 32656, 1, 2022/03/24, 20:24:34.360, 968134315277, vstest.console.dll, TestRequestManager.RunTests: run tests started.
TpTrace Information: 0 : 32656, 1, 2022/03/24, 20:24:34.366, 968134381350, vstest.console.dll, AssemblyMetadataProvider.GetFrameWork: Determined framework:'.NETCoreApp,Version=v3.1' for source: 'C:\Users\hp\Desktop\BankAppTesting\BankAppTesting\BankAppUnitTest\bin\Debug\netcoreapp3.1\fine-code-coverage\build-output\BankAppUnitTest.dll'
TpTrace Information: 0 : 32656, 1, 2022/03/24, 20:24:34.367, 968134383692, vstest.console.dll, Determined framework for all sources: .NETCoreApp,Version=v3.1
TpTrace Information: 0 : 32656, 1, 2022/03/24, 20:24:34.367, 968134389023, vstest.console.dll, AssemblyMetadataProvider.GetArchitecture: Determined architecture:AnyCPU info for assembly: C:\Users\hp\Desktop\BankAppTesting\BankAppTesting\BankAppUnitTest\bin\Debug\netcoreapp3.1\fine-code-coverage\build-output\BankAppUnitTest.dll
TpTrace Information: 0 : 32656, 1, 2022/03/24, 20:24:34.371, 968134424111, vstest.console.dll, Determined platform for all sources: X64
TpTrace Information: 0 : 32656, 1, 2022/03/24, 20:24:34.378, 968134500655, vstest.console.dll, Compatible sources list : 
TpTrace Information: 0 : 32656, 1, 2022/03/24, 20:24:34.379, 968134503237, vstest.console.dll, C:\Users\hp\Desktop\BankAppTesting\BankAppTesting\BankAppUnitTest\bin\Debug\netcoreapp3.1\fine-code-coverage\build-output\BankAppUnitTest.dll
TpTrace Information: 0 : 32656, 1, 2022/03/24, 20:24:34.384, 968134553807, vstest.console.dll, InferRunSettingsHelper.IsTestSettingsEnabled: Unable to navigate to RunSettings/MSTest. Current node: RunSettings
TpTrace Information: 0 : 32656, 1, 2022/03/24, 20:24:34.385, 968134564367, vstest.console.dll, AssemblyResolver.OnResolve: Microsoft.VisualStudio.TestPlatform.Fakes: Resolving assembly.
TpTrace Information: 0 : 32656, 1, 2022/03/24, 20:24:34.385, 968134565342, vstest.console.dll, AssemblyResolver.OnResolve: Microsoft.VisualStudio.TestPlatform.Fakes: Searching in: 'C:\Program Files\dotnet\sdk\6.0.102\Extensions'.
TpTrace Information: 0 : 32656, 1, 2022/03/24, 20:24:34.385, 968134566546, vstest.console.dll, AssemblyResolver.OnResolve: Microsoft.VisualStudio.TestPlatform.Fakes: Assembly path does not exist: 'C:\Program Files\dotnet\sdk\6.0.102\Extensions\Microsoft.VisualStudio.TestPlatform.Fakes.dll', returning.
TpTrace Information: 0 : 32656, 1, 2022/03/24, 20:24:34.385, 968134567365, vstest.console.dll, AssemblyResolver.OnResolve: Microsoft.VisualStudio.TestPlatform.Fakes: Assembly path does not exist: 'C:\Program Files\dotnet\sdk\6.0.102\Extensions\Microsoft.VisualStudio.TestPlatform.Fakes.exe', returning.
TpTrace Information: 0 : 32656, 1, 2022/03/24, 20:24:34.385, 968134567740, vstest.console.dll, AssemblyResolver.OnResolve: Microsoft.VisualStudio.TestPlatform.Fakes: Searching in: 'C:\Program Files\dotnet\sdk\6.0.102'.
TpTrace Information: 0 : 32656, 1, 2022/03/24, 20:24:34.385, 968134568465, vstest.console.dll, AssemblyResolver.OnResolve: Microsoft.VisualStudio.TestPlatform.Fakes: Assembly path does not exist: 'C:\Program Files\dotnet\sdk\6.0.102\Microsoft.VisualStudio.TestPlatform.Fakes.dll', returning.
TpTrace Information: 0 : 32656, 1, 2022/03/24, 20:24:34.385, 968134569133, vstest.console.dll, AssemblyResolver.OnResolve: Microsoft.VisualStudio.TestPlatform.Fakes: Assembly path does not exist: 'C:\Program Files\dotnet\sdk\6.0.102\Microsoft.VisualStudio.TestPlatform.Fakes.exe', returning.
TpTrace Information: 0 : 32656, 1, 2022/03/24, 20:24:34.385, 968134569488, vstest.console.dll, AssemblyResolver.OnResolve: Microsoft.VisualStudio.TestPlatform.Fakes: Failed to load assembly.
TpTrace Information: 0 : 32656, 1, 2022/03/24, 20:24:34.386, 968134573277, vstest.console.dll, Failed to load assembly Microsoft.VisualStudio.TestPlatform.Fakes, Version=17.0.0.0, Culture=neutral. Reason:System.IO.FileNotFoundException: Could not load file or assembly 'Microsoft.VisualStudio.TestPlatform.Fakes, Version=17.0.0.0, Culture=neutral, PublicKeyToken=null'. The system cannot find the file specified.
File name: 'Microsoft.VisualStudio.TestPlatform.Fakes, Version=17.0.0.0, Culture=neutral, PublicKeyToken=null'
   at System.Reflection.RuntimeAssembly.InternalLoad(ObjectHandleOnStack assemblyName, ObjectHandleOnStack requestingAssembly, StackCrawlMarkHandle stackMark, Boolean throwOnFileNotFound, ObjectHandleOnStack assemblyLoadContext, ObjectHandleOnStack retAssembly)
   at System.Reflection.RuntimeAssembly.InternalLoad(AssemblyName assemblyName, RuntimeAssembly requestingAssembly, StackCrawlMark& stackMark, Boolean throwOnFileNotFound, AssemblyLoadContext assemblyLoadContext)
   at System.Reflection.Assembly.Load(AssemblyName assemblyRef)
   at Microsoft.VisualStudio.TestPlatform.Common.Utilities.FakesUtilities.LoadTestPlatformAssembly()
TpTrace Verbose: 0 : 32656, 1, 2022/03/24, 20:24:34.392, 968134636027, vstest.console.dll, TestPluginCache.DiscoverTestExtensions: finding test extensions in assemblies ends with: TestLogger.dll TPluginInfo: Microsoft.VisualStudio.TestPlatform.Common.ExtensionFramework.Utilities.TestLoggerPluginInformation TExtension: Microsoft.VisualStudio.TestPlatform.ObjectModel.Client.ITestLogger
TpTrace Verbose: 0 : 32656, 1, 2022/03/24, 20:24:34.392, 968134637597, vstest.console.dll, TestPluginCache.GetExtensionPaths: Filtered extension paths: 
TpTrace Verbose: 0 : 32656, 1, 2022/03/24, 20:24:34.392, 968134638039, vstest.console.dll, TestPluginCache.GetExtensionPaths: Added default extension paths: C:\Program Files\dotnet\sdk\6.0.102\Extensions\Microsoft.Diagnostics.NETCore.Client.dll
C:\Program Files\dotnet\sdk\6.0.102\Extensions\Microsoft.TestPlatform.Extensions.BlameDataCollector.dll
C:\Program Files\dotnet\sdk\6.0.102\Extensions\Microsoft.TestPlatform.Extensions.EventLogCollector.dll
C:\Program Files\dotnet\sdk\6.0.102\Extensions\Microsoft.TestPlatform.TestHostRuntimeProvider.dll
C:\Program Files\dotnet\sdk\6.0.102\Extensions\Microsoft.VisualStudio.TestPlatform.Extensions.Html.TestLogger.dll
C:\Program Files\dotnet\sdk\6.0.102\Extensions\Microsoft.VisualStudio.TestPlatform.Extensions.Trx.TestLogger.dll
TpTrace Verbose: 0 : 32656, 1, 2022/03/24, 20:24:34.392, 968134638426, vstest.console.dll, TestPluginCache.GetExtensionPaths: Added unfilterableExtensionPaths: 
TpTrace Information: 0 : 32656, 1, 2022/03/24, 20:24:34.392, 968134640863, vstest.console.dll, AssemblyResolver.AddSearchDirectories: Adding more searchDirectories C:\Program Files\dotnet\sdk\6.0.102\Extensions,C:\Program Files\dotnet\sdk\6.0.102
TpTrace Verbose: 0 : 32656, 1, 2022/03/24, 20:24:34.392, 968134641504, vstest.console.dll, TestPluginCache.DiscoverTestExtensions: Discovering the extensions using extension path.
TpTrace Verbose: 0 : 32656, 1, 2022/03/24, 20:24:34.392, 968134641923, vstest.console.dll, TestPluginCache.GetExtensionPaths: Filtered extension paths: 
TpTrace Verbose: 0 : 32656, 1, 2022/03/24, 20:24:34.392, 968134642359, vstest.console.dll, TestPluginCache.GetExtensionPaths: Added default extension paths: C:\Program Files\dotnet\sdk\6.0.102\Extensions\Microsoft.Diagnostics.NETCore.Client.dll
C:\Program Files\dotnet\sdk\6.0.102\Extensions\Microsoft.TestPlatform.Extensions.BlameDataCollector.dll
C:\Program Files\dotnet\sdk\6.0.102\Extensions\Microsoft.TestPlatform.Extensions.EventLogCollector.dll
C:\Program Files\dotnet\sdk\6.0.102\Extensions\Microsoft.TestPlatform.TestHostRuntimeProvider.dll
C:\Program Files\dotnet\sdk\6.0.102\Extensions\Microsoft.VisualStudio.TestPlatform.Extensions.Html.TestLogger.dll
C:\Program Files\dotnet\sdk\6.0.102\Extensions\Microsoft.VisualStudio.TestPlatform.Extensions.Trx.TestLogger.dll
TpTrace Verbose: 0 : 32656, 1, 2022/03/24, 20:24:34.393, 968134642682, vstest.console.dll, TestPluginCache.GetExtensionPaths: Added unfilterableExtensionPaths: 
TpTrace Verbose: 0 : 32656, 1, 2022/03/24, 20:24:34.393, 968134643083, vstest.console.dll, TestPluginCache.DiscoverTestExtensions: Discovering the extensions using allExtensionPaths: C:\Program Files\dotnet\sdk\6.0.102\Extensions\Microsoft.Diagnostics.NETCore.Client.dll
C:\Program Files\dotnet\sdk\6.0.102\Extensions\Microsoft.TestPlatform.Extensions.BlameDataCollector.dll
C:\Program Files\dotnet\sdk\6.0.102\Extensions\Microsoft.TestPlatform.Extensions.EventLogCollector.dll
C:\Program Files\dotnet\sdk\6.0.102\Extensions\Microsoft.TestPlatform.TestHostRuntimeProvider.dll
C:\Program Files\dotnet\sdk\6.0.102\Extensions\Microsoft.VisualStudio.TestPlatform.Extensions.Html.TestLogger.dll
C:\Program Files\dotnet\sdk\6.0.102\Extensions\Microsoft.VisualStudio.TestPlatform.Extensions.Trx.TestLogger.dll
TpTrace Information: 0 : 32656, 1, 2022/03/24, 20:24:34.393, 968134643764, vstest.console.dll, AssemblyResolver.AddSearchDirectories: Adding more searchDirectories C:\Program Files\dotnet\sdk\6.0.102\Extensions,C:\Program Files\dotnet\sdk\6.0.102
TpTrace Information: 0 : 32656, 1, 2022/03/24, 20:24:34.393, 968134644287, vstest.console.dll, AssemblyResolver.AddSearchDirectories: Adding more searchDirectories C:\Program Files\dotnet\sdk\6.0.102\Extensions,C:\Program Files\dotnet\sdk\6.0.102
TpTrace Information: 0 : 32656, 1, 2022/03/24, 20:24:34.393, 968134644617, vstest.console.dll, AssemblyResolver.AddSearchDirectories: Adding more searchDirectories C:\Program Files\dotnet\sdk\6.0.102\Extensions,C:\Program Files\dotnet\sdk\6.0.102
TpTrace Information: 0 : 32656, 1, 2022/03/24, 20:24:34.393, 968134645009, vstest.console.dll, AssemblyResolver.AddSearchDirectories: Adding more searchDirectories C:\Program Files\dotnet\sdk\6.0.102\Extensions,C:\Program Files\dotnet\sdk\6.0.102
TpTrace Information: 0 : 32656, 1, 2022/03/24, 20:24:34.393, 968134645559, vstest.console.dll, AssemblyResolver.AddSearchDirectories: Adding more searchDirectories C:\Program Files\dotnet\sdk\6.0.102\Extensions,C:\Program Files\dotnet\sdk\6.0.102
TpTrace Information: 0 : 32656, 1, 2022/03/24, 20:24:34.393, 968134645949, vstest.console.dll, AssemblyResolver.AddSearchDirectories: Adding more searchDirectories C:\Program Files\dotnet\sdk\6.0.102\Extensions,C:\Program Files\dotnet\sdk\6.0.102
TpTrace Information: 0 : 32656, 1, 2022/03/24, 20:24:34.393, 968134649435, vstest.console.dll, AssemblyResolver.OnResolve: Microsoft.Bcl.AsyncInterfaces: Resolving assembly.
TpTrace Information: 0 : 32656, 1, 2022/03/24, 20:24:34.393, 968134650006, vstest.console.dll, AssemblyResolver.OnResolve: Microsoft.Bcl.AsyncInterfaces: Resolved from cache.
TpTrace Verbose: 0 : 32656, 1, 2022/03/24, 20:24:34.393, 968134650342, vstest.console.dll, CurrentDomainAssemblyResolve: Resolving assembly 'Microsoft.Bcl.AsyncInterfaces'.
TpTrace Information: 0 : 32656, 1, 2022/03/24, 20:24:34.393, 968134650798, vstest.console.dll, AssemblyResolver.OnResolve: Microsoft.Bcl.AsyncInterfaces: Resolving assembly.
TpTrace Information: 0 : 32656, 1, 2022/03/24, 20:24:34.393, 968134651013, vstest.console.dll, AssemblyResolver.OnResolve: Microsoft.Bcl.AsyncInterfaces: Resolved from cache.
TpTrace Verbose: 0 : 32656, 1, 2022/03/24, 20:24:34.393, 968134651294, vstest.console.dll, CurrentDomainAssemblyResolve: Resolving assembly 'Microsoft.Bcl.AsyncInterfaces'.
TpTrace Verbose: 0 : 32656, 1, 2022/03/24, 20:24:34.393, 968134651631, vstest.console.dll, CurrentDomainAssemblyResolve: Failed to resolve assembly 'Microsoft.Bcl.AsyncInterfaces'.
TpTrace Verbose: 0 : 32656, 1, 2022/03/24, 20:24:34.394, 968134653645, vstest.console.dll, CurrentDomainAssemblyResolve: Failed to resolve assembly 'Microsoft.Bcl.AsyncInterfaces'.
TpTrace Warning: 0 : 32656, 1, 2022/03/24, 20:24:34.394, 968134658383, vstest.console.dll, TestPluginDiscoverer: Failed to get types from assembly 'Microsoft.Diagnostics.NETCore.Client, Version=0.2.4.21401, Culture=neutral, PublicKeyToken=31bf3856ad364e35'.  Skipping test extension scan for this assembly.  Error: System.Reflection.ReflectionTypeLoadException: Unable to load one or more of the requested types.
Could not load file or assembly 'Microsoft.Bcl.AsyncInterfaces, Version=1.0.0.0, Culture=neutral, PublicKeyToken=cc7b13ffcd2ddd51'. The system cannot find the file specified.
   at System.Reflection.RuntimeModule.GetTypes(RuntimeModule module)
   at System.Reflection.Assembly.GetTypes()
   at Microsoft.VisualStudio.TestPlatform.Common.ExtensionFramework.TestPluginDiscoverer.GetTestExtensionsFromAssembly[TPluginInfo,TExtension](Assembly assembly, Dictionary`2 pluginInfos)
System.IO.FileNotFoundException: Could not load file or assembly 'Microsoft.Bcl.AsyncInterfaces, Version=1.0.0.0, Culture=neutral, PublicKeyToken=cc7b13ffcd2ddd51'. The system cannot find the file specified.
File name: 'Microsoft.Bcl.AsyncInterfaces, Version=1.0.0.0, Culture=neutral, PublicKeyToken=cc7b13ffcd2ddd51'
 ---> System.IO.FileNotFoundException: Could not load file or assembly 'Microsoft.Bcl.AsyncInterfaces, Culture=neutral, PublicKeyToken=null'. The system cannot find the file specified.
File name: 'Microsoft.Bcl.AsyncInterfaces, Culture=neutral, PublicKeyToken=null'
   at System.Reflection.RuntimeAssembly.InternalLoad(ObjectHandleOnStack assemblyName, ObjectHandleOnStack requestingAssembly, StackCrawlMarkHandle stackMark, Boolean throwOnFileNotFound, ObjectHandleOnStack assemblyLoadContext, ObjectHandleOnStack retAssembly)
   at System.Reflection.RuntimeAssembly.InternalLoad(AssemblyName assemblyName, RuntimeAssembly requestingAssembly, StackCrawlMark& stackMark, Boolean throwOnFileNotFound, AssemblyLoadContext assemblyLoadContext)
   at System.Reflection.Assembly.Load(AssemblyName assemblyRef)
   at Microsoft.VisualStudio.TestPlatform.Common.ExtensionFramework.TestPluginCache.CurrentDomainAssemblyResolve(Object sender, AssemblyResolveEventArgs args)
   at Microsoft.VisualStudio.TestPlatform.PlatformAbstractions.PlatformAssemblyResolver.AssemblyResolverEvent(Object sender, Object eventArgs)
   at System.Runtime.Loader.AssemblyLoadContext.GetFirstResolvedAssemblyFromResolvingEvent(AssemblyName assemblyName)
   at System.Runtime.Loader.AssemblyLoadContext.ResolveUsingEvent(AssemblyName assemblyName)
   at System.Runtime.Loader.AssemblyLoadContext.ResolveUsingResolvingEvent(IntPtr gchManagedAssemblyLoadContext, AssemblyName assemblyName)
TpTrace Warning: 0 : 32656, 1, 2022/03/24, 20:24:34.394, 968134660391, vstest.console.dll, LoaderExceptions: System.IO.FileNotFoundException: Could not load file or assembly 'Microsoft.Bcl.AsyncInterfaces, Version=1.0.0.0, Culture=neutral, PublicKeyToken=cc7b13ffcd2ddd51'. The system cannot find the file specified.
File name: 'Microsoft.Bcl.AsyncInterfaces, Version=1.0.0.0, Culture=neutral, PublicKeyToken=cc7b13ffcd2ddd51'
 ---> System.IO.FileNotFoundException: Could not load file or assembly 'Microsoft.Bcl.AsyncInterfaces, Culture=neutral, PublicKeyToken=null'. The system cannot find the file specified.
File name: 'Microsoft.Bcl.AsyncInterfaces, Culture=neutral, PublicKeyToken=null'
   at System.Reflection.RuntimeAssembly.InternalLoad(ObjectHandleOnStack assemblyName, ObjectHandleOnStack requestingAssembly, StackCrawlMarkHandle stackMark, Boolean throwOnFileNotFound, ObjectHandleOnStack assemblyLoadContext, ObjectHandleOnStack retAssembly)
   at System.Reflection.RuntimeAssembly.InternalLoad(AssemblyName assemblyName, RuntimeAssembly requestingAssembly, StackCrawlMark& stackMark, Boolean throwOnFileNotFound, AssemblyLoadContext assemblyLoadContext)
   at System.Reflection.Assembly.Load(AssemblyName assemblyRef)
   at Microsoft.VisualStudio.TestPlatform.Common.ExtensionFramework.TestPluginCache.CurrentDomainAssemblyResolve(Object sender, AssemblyResolveEventArgs args)
   at Microsoft.VisualStudio.TestPlatform.PlatformAbstractions.PlatformAssemblyResolver.AssemblyResolverEvent(Object sender, Object eventArgs)
   at System.Runtime.Loader.AssemblyLoadContext.GetFirstResolvedAssemblyFromResolvingEvent(AssemblyName assemblyName)
   at System.Runtime.Loader.AssemblyLoadContext.ResolveUsingEvent(AssemblyName assemblyName)
   at System.Runtime.Loader.AssemblyLoadContext.ResolveUsingResolvingEvent(IntPtr gchManagedAssemblyLoadContext, AssemblyName assemblyName)
TpTrace Verbose: 0 : 32656, 1, 2022/03/24, 20:24:34.395, 968134665257, vstest.console.dll, TestPluginCache: Discovered the extensions using extension path ''.
TpTrace Verbose: 0 : 32656, 1, 2022/03/24, 20:24:34.395, 968134665979, vstest.console.dll, TestPluginCache: Discoverers are ''.
TpTrace Verbose: 0 : 32656, 1, 2022/03/24, 20:24:34.395, 968134666295, vstest.console.dll, TestPluginCache: Executors are ''.
TpTrace Verbose: 0 : 32656, 1, 2022/03/24, 20:24:34.395, 968134666519, vstest.console.dll, TestPluginCache: Executors2 are ''.
TpTrace Verbose: 0 : 32656, 1, 2022/03/24, 20:24:34.395, 968134666719, vstest.console.dll, TestPluginCache: Setting providers are ''.
TpTrace Verbose: 0 : 32656, 1, 2022/03/24, 20:24:34.395, 968134667674, vstest.console.dll, TestPluginCache: Loggers are 'logger://Microsoft/TestPlatform/Extensions/Blame/v1,logger://Microsoft/TestPlatform/HtmlLogger/v1,logger://Microsoft/TestPlatform/TrxLogger/v1'.
TpTrace Information: 0 : 32656, 1, 2022/03/24, 20:24:34.396, 968134678643, vstest.console.dll, TestPluginManager.CreateTestExtension: Attempting to load test extension: Microsoft.TestPlatform.Extensions.BlameDataCollector.BlameLogger
TpTrace Information: 0 : 32656, 1, 2022/03/24, 20:24:34.405, 968134770453, vstest.console.dll, TestPluginManager.CreateTestExtension: Attempting to load test extension: Microsoft.VisualStudio.TestPlatform.CrossPlatEngine.Hosting.DefaultTestHostManager
TpTrace Information: 0 : 32656, 1, 2022/03/24, 20:24:34.406, 968134774967, vstest.console.dll, TestPluginManager.CreateTestExtension: Attempting to load test extension: Microsoft.VisualStudio.TestPlatform.CrossPlatEngine.Hosting.DotnetTestHostManager
TpTrace Verbose: 0 : 32656, 1, 2022/03/24, 20:24:34.407, 968134782958, vstest.console.dll, TestEngine: Initializing Parallel Execution as MaxCpuCount is set to: 1
TpTrace Information: 0 : 32656, 1, 2022/03/24, 20:24:34.407, 968134790995, vstest.console.dll, InferRunSettingsHelper.IsTestSettingsEnabled: Unable to navigate to RunSettings/MSTest. Current node: RunSettings
TpTrace Verbose: 0 : 32656, 1, 2022/03/24, 20:24:34.426, 968134977018, vstest.console.dll, TestRequestSender is acting as server
TpTrace Verbose: 0 : 32656, 5, 2022/03/24, 20:24:34.431, 968135029831, vstest.console.dll, DataCollectionRequestSender.InitializeCommunication : Initialize communication. 
TpTrace Information: 0 : 32656, 5, 2022/03/24, 20:24:34.439, 968135105061, vstest.console.dll, Listening on Endpoint : 127.0.0.1:55356
TpTrace Verbose: 0 : 32656, 5, 2022/03/24, 20:24:34.456, 968135276221, vstest.console.dll, DotnetDataCollectionLauncher: Full path of dotnet.exe is C:\Program Files\dotnet\dotnet.exe
TpTrace Verbose: 0 : 32656, 5, 2022/03/24, 20:24:34.456, 968135279061, vstest.console.dll, DotnetDataCollectionLauncher: Adding  --runtimeconfig "C:\Program Files\dotnet\sdk\6.0.102\datacollector.runtimeconfig.json" in args
TpTrace Verbose: 0 : 32656, 5, 2022/03/24, 20:24:34.456, 968135280140, vstest.console.dll, DotnetDataCollectionLauncher: Adding  --depsfile "C:\Program Files\dotnet\sdk\6.0.102\datacollector.deps.json" in args
TpTrace Information: 0 : 32656, 5, 2022/03/24, 20:24:34.473, 968135451898, vstest.console.dll, ProxyDataCollectionManager.Initialize: Launched datacollector processId: 26680 port: 55356
TpTrace Information: 0 : 32656, 5, 2022/03/24, 20:24:34.474, 968135453991, vstest.console.dll, ProxyDataCollectionManager.Initialize: waiting for connection with timeout: 90 seconds
TpTrace Verbose: 0 : 32656, 5, 2022/03/24, 20:24:34.474, 968135454718, vstest.console.dll, DataCollectionRequestSender.WaitForRequestHandlerConnection : Waiting for connection with timeout: 90000
TpTrace Information: 0 : 32656, 8, 2022/03/24, 20:24:34.716, 968137877783, vstest.console.dll, Using the buffer size of 16384 bytes
TpTrace Verbose: 0 : 32656, 5, 2022/03/24, 20:24:34.716, 968137878635, vstest.console.dll, ProxyDataCollectionManager.InvokeDataCollectionServiceAction: Starting.
TpTrace Information: 0 : 32656, 8, 2022/03/24, 20:24:34.716, 968137880200, vstest.console.dll, Accepted Client request and set the flag
TpTrace Information: 0 : 32656, 5, 2022/03/24, 20:24:34.716, 968137880745, vstest.console.dll, ProxyDataCollectionManager.BeforeTestRunStart: Get environment variable and port for datacollector processId: 26680 port: 55356
TpTrace Verbose: 0 : 32656, 5, 2022/03/24, 20:24:34.717, 968137882731, vstest.console.dll, DataCollectionRequestSender.SendBeforeTestRunStartAndGetResult : Send BeforeTestRunStart message with settingsXml <RunSettings><RunConfiguration><ResultsDirectory>C:\Users\hp\Desktop\BankAppTesting\BankAppTesting\BankAppUnitTest\bin\Debug\netcoreapp3.1\fine-code-coverage\coverage-tool-output</ResultsDirectory><TargetPlatform>X64</TargetPlatform><TargetFrameworkVersion>.NETCoreApp,Version=v3.1</TargetFrameworkVersion><DesignMode>False</DesignMode><CollectSourceInformation>False</CollectSourceInformation><TestAdaptersPaths>C:\Program Files\dotnet\sdk\6.0.102\Extensions</TestAdaptersPaths></RunConfiguration><LoggerRunSettings><Loggers><Logger friendlyName="blame" enabled="True" /><Logger friendlyName="Console" uri="logger://microsoft/TestPlatform/ConsoleLogger/v1" assemblyQualifiedName="Microsoft.VisualStudio.TestPlatform.CommandLine.Internal.ConsoleLogger, vstest.console, Version=15.0.0.0, Culture=neutral, PublicKeyToken=b03f5f7f11d50a3a" codeBase="C:\Program Files\dotnet\sdk\6.0.102\vstest.console.dll" enabled="True" /></Loggers></LoggerRunSettings><DataCollectionRunSettings><DataCollectors><DataCollector friendlyName="blame" enabled="True"><Configuration><ResultsDirectory>C:\Users\hp\Desktop\BankAppTesting\BankAppTesting\BankAppUnitTest\bin\Debug\netcoreapp3.1\fine-code-coverage\coverage-tool-output</ResultsDirectory></Configuration></DataCollector></DataCollectors></DataCollectionRunSettings></RunSettings> and sources System.Linq.Enumerable+Concat2Iterator`1[System.String]: 
TpTrace Verbose: 0 : 32656, 5, 2022/03/24, 20:24:34.825, 968138967498, vstest.console.dll, DataCollectionRequestSender.SendBeforeTestRunStartAndGetResult : Received message: (DataCollection.SendMessage) -> {
  "FriendlyName": null,
  "Uri": null,
  "TestCaseId": "00000000-0000-0000-0000-000000000000",
  "Message": "Logging DataCollector Diagnostics in file: C:\\Users\\hp\\Desktop\\BankAppTesting\\BankAppTesting\\BankAppUnitTest\\bin\\Debug\\netcoreapp3.1\\fine-code-coverage\\coverage-tool-output\\diagnostics.datacollector.22-03-24_20-24-34_45087_5.log",
  "Level": 0
}
TpTrace Verbose: 0 : 32656, 5, 2022/03/24, 20:24:34.920, 968139917443, vstest.console.dll, DataCollectionRequestSender.SendBeforeTestRunStartAndGetResult : Received message: (DataCollection.BeforeTestRunStartResult) -> {
  "EnvironmentVariables": {},
  "DataCollectionEventsPort": 55358
}
TpTrace Information: 0 : 32656, 5, 2022/03/24, 20:24:34.927, 968139989136, vstest.console.dll, ProxyDataCollectionManager.BeforeTestRunStart: SendBeforeTestRunStartAndGetResult successful, env variable from datacollector:   and testhost port: 55358
TpTrace Information: 0 : 32656, 5, 2022/03/24, 20:24:34.927, 968139990694, vstest.console.dll, ProxyDataCollectionManager.InvokeDataCollectionServiceAction: Completed.
TpTrace Verbose: 0 : 32656, 1, 2022/03/24, 20:24:34.928, 968139992721, vstest.console.dll, TestRunRequest.ExecuteAsync: Creating test run request.
TpTrace Verbose: 0 : 32656, 1, 2022/03/24, 20:24:34.928, 968139996127, vstest.console.dll, TestRunRequest.ExecuteAsync: Starting.
TpTrace Information: 0 : 32656, 1, 2022/03/24, 20:24:34.928, 968139999737, vstest.console.dll, TestRunRequest.ExecuteAsync: Starting run with settings:TestRunCriteria:
   KeepAlive=False,FrequencyOfRunStatsChangeEvent=10,RunStatsChangeEventTimeout=00:00:01.5000000,TestCaseFilter=,TestExecutorLauncher=
   Settingsxml=<RunSettings>
  <RunConfiguration>
    <ResultsDirectory>C:\Users\hp\Desktop\BankAppTesting\BankAppTesting\BankAppUnitTest\bin\Debug\netcoreapp3.1\fine-code-coverage\coverage-tool-output</ResultsDirectory>
    <TargetPlatform>X64</TargetPlatform>
    <TargetFrameworkVersion>.NETCoreApp,Version=v3.1</TargetFrameworkVersion>
    <DesignMode>False</DesignMode>
    <CollectSourceInformation>False</CollectSourceInformation>
  </RunConfiguration>
  <LoggerRunSettings>
    <Loggers>
      <Logger friendlyName="blame" enabled="True" />
      <Logger friendlyName="Console" uri="logger://microsoft/TestPlatform/ConsoleLogger/v1" assemblyQualifiedName="Microsoft.VisualStudio.TestPlatform.CommandLine.Internal.ConsoleLogger, vstest.console, Version=15.0.0.0, Culture=neutral, PublicKeyToken=b03f5f7f11d50a3a" codeBase="C:\Program Files\dotnet\sdk\6.0.102\vstest.console.dll" enabled="True" />
    </Loggers>
  </LoggerRunSettings>
  <DataCollectionRunSettings>
    <DataCollectors>
      <DataCollector friendlyName="blame" enabled="True">
        <Configuration>
          <ResultsDirectory>C:\Users\hp\Desktop\BankAppTesting\BankAppTesting\BankAppUnitTest\bin\Debug\netcoreapp3.1\fine-code-coverage\coverage-tool-output</ResultsDirectory>
        </Configuration>
      </DataCollector>
    </DataCollectors>
  </DataCollectionRunSettings>
</RunSettings>

TpTrace Verbose: 0 : 32656, 1, 2022/03/24, 20:24:34.928, 968140000348, vstest.console.dll, TestRunRequest.ExecuteAsync: Wait for the first run request is over.
TpTrace Verbose: 0 : 32656, 1, 2022/03/24, 20:24:34.929, 968140005256, vstest.console.dll, ParallelProxyExecutionManager: Start execution. Total sources: 1
TpTrace Information: 0 : 32656, 1, 2022/03/24, 20:24:34.930, 968140017489, vstest.console.dll, ProxyParallelExecutionManager: Triggering test run for next source: C:\Users\hp\Desktop\BankAppTesting\BankAppTesting\BankAppUnitTest\bin\Debug\netcoreapp3.1\fine-code-coverage\build-output\BankAppUnitTest.dll
TpTrace Verbose: 0 : 32656, 5, 2022/03/24, 20:24:34.930, 968140020985, vstest.console.dll, ParallelProxyExecutionManager: Execution started. Started clients: 1
TpTrace Verbose: 0 : 32656, 1, 2022/03/24, 20:24:34.930, 968140021790, vstest.console.dll, ProxyParallelExecutionManager: No sources available for execution.
TpTrace Information: 0 : 32656, 1, 2022/03/24, 20:24:34.931, 968140023458, vstest.console.dll, TestRunRequest.ExecuteAsync: Started.
TpTrace Verbose: 0 : 32656, 1, 2022/03/24, 20:24:34.931, 968140024956, vstest.console.dll, TestRunRequest.WaitForCompletion: Waiting with timeout -1.
TpTrace Verbose: 0 : 32656, 5, 2022/03/24, 20:24:34.931, 968140027362, vstest.console.dll, TestRunRequest:SendTestRunMessage: Starting.
TpTrace Information: 0 : 32656, 5, 2022/03/24, 20:24:34.931, 968140029818, vstest.console.dll, TestRunRequest:SendTestRunMessage: Completed.
TpTrace Verbose: 0 : 32656, 5, 2022/03/24, 20:24:34.932, 968140034109, vstest.console.dll, ProxyExecutionManager: Test host is always Lazy initialize.
TpTrace Verbose: 0 : 32656, 5, 2022/03/24, 20:24:34.932, 968140038900, vstest.console.dll, TestRequestSender.InitializeCommunication: initialize communication. 
TpTrace Information: 0 : 32656, 5, 2022/03/24, 20:24:34.933, 968140048414, vstest.console.dll, SocketServer.Start: Listening on endpoint : 127.0.0.1:55359
TpTrace Verbose: 0 : 32656, 5, 2022/03/24, 20:24:34.935, 968140063127, vstest.console.dll, DotnetTestHostmanager: Adding  --runtimeconfig "C:\Users\hp\Desktop\BankAppTesting\BankAppTesting\BankAppUnitTest\bin\Debug\netcoreapp3.1\fine-code-coverage\build-output\BankAppUnitTest.runtimeconfig.json" in args
TpTrace Verbose: 0 : 32656, 5, 2022/03/24, 20:24:34.935, 968140065485, vstest.console.dll, DotnetTestHostmanager: Adding  --depsfile "C:\Users\hp\Desktop\BankAppTesting\BankAppTesting\BankAppUnitTest\bin\Debug\netcoreapp3.1\fine-code-coverage\build-output\BankAppUnitTest.deps.json" in args
TpTrace Verbose: 0 : 32656, 5, 2022/03/24, 20:24:34.935, 968140069689, vstest.console.dll, DotnetTestHostManager: Testhost.exe/testhost.x86.exe found at path: C:\Users\hp\Desktop\BankAppTesting\BankAppTesting\BankAppUnitTest\bin\Debug\netcoreapp3.1\fine-code-coverage\build-output\testhost.exe
TpTrace Verbose: 0 : 32656, 5, 2022/03/24, 20:24:34.935, 968140070630, vstest.console.dll, DotnetTestHostmanager: Full path of host exe is C:\Users\hp\Desktop\BankAppTesting\BankAppTesting\BankAppUnitTest\bin\Debug\netcoreapp3.1\fine-code-coverage\build-output\testhost.exe
TpTrace Verbose: 0 : 32656, 7, 2022/03/24, 20:24:34.937, 968140088135, vstest.console.dll, DotnetTestHostManager: Starting process 'C:\Users\hp\Desktop\BankAppTesting\BankAppTesting\BankAppUnitTest\bin\Debug\netcoreapp3.1\fine-code-coverage\build-output\testhost.exe' with command line ' --runtimeconfig "C:\Users\hp\Desktop\BankAppTesting\BankAppTesting\BankAppUnitTest\bin\Debug\netcoreapp3.1\fine-code-coverage\build-output\BankAppUnitTest.runtimeconfig.json" --depsfile "C:\Users\hp\Desktop\BankAppTesting\BankAppTesting\BankAppUnitTest\bin\Debug\netcoreapp3.1\fine-code-coverage\build-output\BankAppUnitTest.deps.json" --port 55359 --endpoint 127.0.0.1:055359 --role client --parentprocessid 32656 --diag "C:\Users\hp\Desktop\BankAppTesting\BankAppTesting\BankAppUnitTest\bin\Debug\netcoreapp3.1\fine-code-coverage\coverage-tool-output\diagnostics.host.22-03-24_20-24-34_93424_5.log" --tracelevel 4 --datacollectionport 55358 --telemetryoptedin false'
TpTrace Verbose: 0 : 32656, 7, 2022/03/24, 20:24:34.957, 968140287182, vstest.console.dll, Test Runtime launched
TpTrace Verbose: 0 : 32656, 5, 2022/03/24, 20:24:34.958, 968140301334, vstest.console.dll, TestRequestSender.WaitForRequestHandlerConnection: waiting for connection with timeout: 90000
TpTrace Verbose: 0 : 32656, 7, 2022/03/24, 20:24:35.282, 968143541209, vstest.console.dll, SocketServer.OnClientConnected: Client connected for endPoint: 127.0.0.1:55359, starting MessageLoopAsync:
TpTrace Verbose: 0 : 32656, 7, 2022/03/24, 20:24:35.283, 968143548674, vstest.console.dll, TcpClientExtensions.MessageLoopAsync: Polling on remoteEndPoint: 127.0.0.1:55360 localEndPoint: 127.0.0.1:55359
TpTrace Verbose: 0 : 32656, 7, 2022/03/24, 20:24:35.437, 968145089891, vstest.console.dll, TcpClientExtensions.MessageLoopAsync: NotifyDataAvailable remoteEndPoint: 127.0.0.1:55360 localEndPoint: 127.0.0.1:55359
TpTrace Verbose: 0 : 32656, 7, 2022/03/24, 20:24:35.438, 968145093078, vstest.console.dll, TestRequestSender.CheckVersionWithTestHost: onMessageReceived received message: (ProtocolVersion) -> 5
TpTrace Verbose: 0 : 32656, 7, 2022/03/24, 20:24:35.438, 968145097155, vstest.console.dll, TcpClientExtensions.MessageLoopAsync: Polling on remoteEndPoint: 127.0.0.1:55360 localEndPoint: 127.0.0.1:55359
TpTrace Verbose: 0 : 32656, 5, 2022/03/24, 20:24:35.438, 968145098772, vstest.console.dll, TestPluginCache.GetExtensionPaths: Filtered extension paths: 
TpTrace Verbose: 0 : 32656, 5, 2022/03/24, 20:24:35.438, 968145099591, vstest.console.dll, TestPluginCache.GetExtensionPaths: Added default extension paths: C:\Program Files\dotnet\sdk\6.0.102\Extensions\Microsoft.Diagnostics.NETCore.Client.dll
C:\Program Files\dotnet\sdk\6.0.102\Extensions\Microsoft.TestPlatform.Extensions.BlameDataCollector.dll
C:\Program Files\dotnet\sdk\6.0.102\Extensions\Microsoft.TestPlatform.Extensions.EventLogCollector.dll
C:\Program Files\dotnet\sdk\6.0.102\Extensions\Microsoft.TestPlatform.TestHostRuntimeProvider.dll
C:\Program Files\dotnet\sdk\6.0.102\Extensions\Microsoft.VisualStudio.TestPlatform.Extensions.Html.TestLogger.dll
C:\Program Files\dotnet\sdk\6.0.102\Extensions\Microsoft.VisualStudio.TestPlatform.Extensions.Trx.TestLogger.dll
TpTrace Verbose: 0 : 32656, 5, 2022/03/24, 20:24:35.438, 968145100128, vstest.console.dll, TestPluginCache.GetExtensionPaths: Added unfilterableExtensionPaths: 
TpTrace Verbose: 0 : 32656, 5, 2022/03/24, 20:24:35.442, 968145133196, vstest.console.dll, TestRequestSender.InitializeExecution: Sending initializing execution with message: {"Version":5,"MessageType":"TestExecution.Initialize","Payload":["C:\\Users\\hp\\Desktop\\BankAppTesting\\BankAppTesting\\BankAppUnitTest\\bin\\Debug\\netcoreapp3.1\\fine-code-coverage\\build-output\\xunit.runner.visualstudio.dotnetcore.testadapter.dll"]}
TpTrace Verbose: 0 : 32656, 7, 2022/03/24, 20:24:35.447, 968145187779, vstest.console.dll, TcpClientExtensions.MessageLoopAsync: NotifyDataAvailable remoteEndPoint: 127.0.0.1:55360 localEndPoint: 127.0.0.1:55359
TpTrace Verbose: 0 : 32656, 7, 2022/03/24, 20:24:35.447, 968145189510, vstest.console.dll, TestRequestSender.OnExecutionMessageReceived: Received message: {"Version":5,"MessageType":"TestSession.Message","Payload":{"MessageLevel":0,"Message":"Logging TestHost Diagnostics in file: C:\\Users\\hp\\Desktop\\BankAppTesting\\BankAppTesting\\BankAppUnitTest\\bin\\Debug\\netcoreapp3.1\\fine-code-coverage\\coverage-tool-output\\diagnostics.host.22-03-24_20-24-34_93424_5.log"}}
TpTrace Verbose: 0 : 32656, 7, 2022/03/24, 20:24:35.454, 968145256578, vstest.console.dll, TestRunRequest:SendTestRunMessage: Starting.
TpTrace Information: 0 : 32656, 7, 2022/03/24, 20:24:35.454, 968145258224, vstest.console.dll, TestRunRequest:SendTestRunMessage: Completed.
TpTrace Verbose: 0 : 32656, 7, 2022/03/24, 20:24:35.454, 968145258569, vstest.console.dll, TcpClientExtensions.MessageLoopAsync: Polling on remoteEndPoint: 127.0.0.1:55360 localEndPoint: 127.0.0.1:55359
TpTrace Verbose: 0 : 32656, 5, 2022/03/24, 20:24:35.454, 968145259125, vstest.console.dll, TestRequestSender.StartTestRun: Sending test run with message: {"Version":5,"MessageType":"TestExecution.StartWithSources","Payload":{"AdapterSourceMap":{"_none_":["C:\\Users\\hp\\Desktop\\BankAppTesting\\BankAppTesting\\BankAppUnitTest\\bin\\Debug\\netcoreapp3.1\\fine-code-coverage\\build-output\\BankAppUnitTest.dll"]},"RunSettings":"<RunSettings>\r\n  <RunConfiguration>\r\n    <ResultsDirectory>C:\\Users\\hp\\Desktop\\BankAppTesting\\BankAppTesting\\BankAppUnitTest\\bin\\Debug\\netcoreapp3.1\\fine-code-coverage\\coverage-tool-output</ResultsDirectory>\r\n    <TargetPlatform>X64</TargetPlatform>\r\n    <TargetFrameworkVersion>.NETCoreApp,Version=v3.1</TargetFrameworkVersion>\r\n    <DesignMode>False</DesignMode>\r\n    <CollectSourceInformation>False</CollectSourceInformation>\r\n  </RunConfiguration>\r\n  <LoggerRunSettings>\r\n    <Loggers>\r\n      <Logger friendlyName=\"blame\" enabled=\"True\" />\r\n      <Logger friendlyName=\"Console\" uri=\"logger://microsoft/TestPlatform/ConsoleLogger/v1\" assemblyQualifiedName=\"Microsoft.VisualStudio.TestPlatform.CommandLine.Internal.ConsoleLogger, vstest.console, Version=15.0.0.0, Culture=neutral, PublicKeyToken=b03f5f7f11d50a3a\" codeBase=\"C:\\Program Files\\dotnet\\sdk\\6.0.102\\vstest.console.dll\" enabled=\"True\" />\r\n    </Loggers>\r\n  </LoggerRunSettings>\r\n  <DataCollectionRunSettings>\r\n    <DataCollectors>\r\n      <DataCollector friendlyName=\"blame\" enabled=\"True\">\r\n        <Configuration>\r\n          <ResultsDirectory>C:\\Users\\hp\\Desktop\\BankAppTesting\\BankAppTesting\\BankAppUnitTest\\bin\\Debug\\netcoreapp3.1\\fine-code-coverage\\coverage-tool-output</ResultsDirectory>\r\n        </Configuration>\r\n      </DataCollector>\r\n    </DataCollectors>\r\n  </DataCollectionRunSettings>\r\n</RunSettings>","TestExecutionContext":{"FrequencyOfRunStatsChangeEvent":10,"RunStatsChangeEventTimeout":"00:00:01.5000000","InIsolation":false,"KeepAlive":false,"AreTestCaseLevelEventsRequired":false,"IsDebug":false,"TestCaseFilter":null,"FilterOptions":null},"Package":null}}
TpTrace Verbose: 0 : 32656, 7, 2022/03/24, 20:24:35.676, 968147474601, vstest.console.dll, TcpClientExtensions.MessageLoopAsync: NotifyDataAvailable remoteEndPoint: 127.0.0.1:55360 localEndPoint: 127.0.0.1:55359
TpTrace Verbose: 0 : 32656, 7, 2022/03/24, 20:24:35.676, 968147477271, vstest.console.dll, TestRequestSender.OnExecutionMessageReceived: Received message: {"Version":5,"MessageType":"TestSession.Message","Payload":{"MessageLevel":0,"Message":"[xUnit.net 00:00:00.00] xUnit.net VSTest Adapter v2.4.3+1b45f5407b (64-bit .NET Core 3.1.22)"}}
TpTrace Verbose: 0 : 32656, 7, 2022/03/24, 20:24:35.676, 968147481524, vstest.console.dll, TestRunRequest:SendTestRunMessage: Starting.
TpTrace Information: 0 : 32656, 7, 2022/03/24, 20:24:35.677, 968147482540, vstest.console.dll, TestRunRequest:SendTestRunMessage: Completed.
TpTrace Verbose: 0 : 32656, 7, 2022/03/24, 20:24:35.677, 968147483075, vstest.console.dll, TcpClientExtensions.MessageLoopAsync: Polling on remoteEndPoint: 127.0.0.1:55360 localEndPoint: 127.0.0.1:55359
TpTrace Verbose: 0 : 32656, 7, 2022/03/24, 20:24:36.184, 968152553732, vstest.console.dll, TcpClientExtensions.MessageLoopAsync: NotifyDataAvailable remoteEndPoint: 127.0.0.1:55360 localEndPoint: 127.0.0.1:55359
TpTrace Verbose: 0 : 32656, 7, 2022/03/24, 20:24:36.184, 968152555627, vstest.console.dll, TestRequestSender.OnExecutionMessageReceived: Received message: {"Version":5,"MessageType":"TestSession.Message","Payload":{"MessageLevel":0,"Message":"[xUnit.net 00:00:00.51]   Discovering: BankAppUnitTest"}}
TpTrace Verbose: 0 : 32656, 7, 2022/03/24, 20:24:36.184, 968152558100, vstest.console.dll, TestRunRequest:SendTestRunMessage: Starting.
TpTrace Information: 0 : 32656, 7, 2022/03/24, 20:24:36.184, 968152558657, vstest.console.dll, TestRunRequest:SendTestRunMessage: Completed.
TpTrace Verbose: 0 : 32656, 7, 2022/03/24, 20:24:36.184, 968152559005, vstest.console.dll, TcpClientExtensions.MessageLoopAsync: Polling on remoteEndPoint: 127.0.0.1:55360 localEndPoint: 127.0.0.1:55359
TpTrace Verbose: 0 : 32656, 7, 2022/03/24, 20:24:36.269, 968153408591, vstest.console.dll, TcpClientExtensions.MessageLoopAsync: NotifyDataAvailable remoteEndPoint: 127.0.0.1:55360 localEndPoint: 127.0.0.1:55359
TpTrace Verbose: 0 : 32656, 7, 2022/03/24, 20:24:36.269, 968153410221, vstest.console.dll, TestRequestSender.OnExecutionMessageReceived: Received message: {"Version":5,"MessageType":"TestSession.Message","Payload":{"MessageLevel":0,"Message":"[xUnit.net 00:00:00.60]   Discovered:  BankAppUnitTest"}}
TpTrace Verbose: 0 : 32656, 7, 2022/03/24, 20:24:36.269, 968153412076, vstest.console.dll, TestRunRequest:SendTestRunMessage: Starting.
TpTrace Information: 0 : 32656, 7, 2022/03/24, 20:24:36.270, 968153412625, vstest.console.dll, TestRunRequest:SendTestRunMessage: Completed.
TpTrace Verbose: 0 : 32656, 7, 2022/03/24, 20:24:36.270, 968153412953, vstest.console.dll, TcpClientExtensions.MessageLoopAsync: Polling on remoteEndPoint: 127.0.0.1:55360 localEndPoint: 127.0.0.1:55359
TpTrace Verbose: 0 : 32656, 7, 2022/03/24, 20:24:36.271, 968153427726, vstest.console.dll, TcpClientExtensions.MessageLoopAsync: NotifyDataAvailable remoteEndPoint: 127.0.0.1:55360 localEndPoint: 127.0.0.1:55359
TpTrace Verbose: 0 : 32656, 7, 2022/03/24, 20:24:36.271, 968153428584, vstest.console.dll, TestRequestSender.OnExecutionMessageReceived: Received message: {"Version":5,"MessageType":"TestSession.Message","Payload":{"MessageLevel":0,"Message":"[xUnit.net 00:00:00.60]   Starting:    BankAppUnitTest"}}
TpTrace Verbose: 0 : 32656, 7, 2022/03/24, 20:24:36.271, 968153429930, vstest.console.dll, TestRunRequest:SendTestRunMessage: Starting.
TpTrace Information: 0 : 32656, 7, 2022/03/24, 20:24:36.271, 968153430386, vstest.console.dll, TestRunRequest:SendTestRunMessage: Completed.
TpTrace Verbose: 0 : 32656, 7, 2022/03/24, 20:24:36.271, 968153430653, vstest.console.dll, TcpClientExtensions.MessageLoopAsync: Polling on remoteEndPoint: 127.0.0.1:55360 localEndPoint: 127.0.0.1:55359
TpTrace Verbose: 0 : 32656, 7, 2022/03/24, 20:24:36.491, 968155623545, vstest.console.dll, TcpClientExtensions.MessageLoopAsync: NotifyDataAvailable remoteEndPoint: 127.0.0.1:55360 localEndPoint: 127.0.0.1:55359
TpTrace Verbose: 0 : 32656, 7, 2022/03/24, 20:24:36.491, 968155626128, vstest.console.dll, TestRequestSender.OnExecutionMessageReceived: Received message: {"Version":5,"MessageType":"TestExecution.StatsChange","Payload":{"NewTestResults":[{"TestCase":{"Id":"7cd8a278-72bb-07d7-42d9-3512efc9264f","FullyQualifiedName":"BankAppUnitTest.AuthenticationTest.ShouldLogin","DisplayName":"BankAppUnitTest.AuthenticationTest.ShouldLogin(email: \"sam@gmail.com\", password: \"Holiness1@\", expected: True)","ExecutorUri":"executor://xunit/VsTestRunner2/netcoreapp","Source":"C:\\Users\\hp\\Desktop\\BankAppTesting\\BankAppTesting\\BankAppUnitTest\\bin\\Debug\\netcoreapp3.1\\fine-code-coverage\\build-output\\BankAppUnitTest.dll","CodeFilePath":null,"LineNumber":0,"Properties":[]},"Attachments":[],"Outcome":1,"ErrorMessage":null,"ErrorStackTrace":null,"DisplayName":"BankAppUnitTest.AuthenticationTest.ShouldLogin(email: \"sam@gmail.com\", password: \"Holiness1@\", expected: True)","Messages":[],"ComputerName":"DESKTOP-IU46U34","Duration":"00:00:00.0085831","StartTime":"2022-03-24T19:24:36.3925569+00:00","EndTime":"2022-03-24T19:24:36.3926284+00:00","Properties":[]},{"TestCase":{"Id":"8efbf13a-9b85-b92e-b3b4-8eaf304da2b8","FullyQualifiedName":"BankAppTestProject.AccountLogicTest.ShouldGenerateAccountNumber","DisplayName":"BankAppTestProject.AccountLogicTest.ShouldGenerateAccountNumber","ExecutorUri":"executor://xunit/VsTestRunner2/netcoreapp","Source":"C:\\Users\\hp\\Desktop\\BankAppTesting\\BankAppTesting\\BankAppUnitTest\\bin\\Debug\\netcoreapp3.1\\fine-code-coverage\\build-output\\BankAppUnitTest.dll","CodeFilePath":null,"LineNumber":0,"Properties":[]},"Attachments":[],"Outcome":1,"ErrorMessage":null,"ErrorStackTrace":null,"DisplayName":"BankAppTestProject.AccountLogicTest.ShouldGenerateAccountNumber","Messages":[],"ComputerName":"DESKTOP-IU46U34","Duration":"00:00:00.0104464","StartTime":"2022-03-24T19:24:36.4316488+00:00","EndTime":"2022-03-24T19:24:36.4316507+00:00","Properties":[]},{"TestCase":{"Id":"228b10cb-5c00-023f-ff35-65f679cd21d8","FullyQualifiedName":"BankAppUnitTest.ValidationTest.ShouldValidateNumberEntry","DisplayName":"BankAppUnitTest.ValidationTest.ShouldValidateNumberEntry(userInput: \"\", expected: False)","ExecutorUri":"executor://xunit/VsTestRunner2/netcoreapp","Source":"C:\\Users\\hp\\Desktop\\BankAppTesting\\BankAppTesting\\BankAppUnitTest\\bin\\Debug\\netcoreapp3.1\\fine-code-coverage\\build-output\\BankAppUnitTest.dll","CodeFilePath":null,"LineNumber":0,"Properties":[]},"Attachments":[],"Outcome":1,"ErrorMessage":null,"ErrorStackTrace":null,"DisplayName":"BankAppUnitTest.ValidationTest.ShouldValidateNumberEntry(userInput: \"\", expected: False)","Messages":[],"ComputerName":"DESKTOP-IU46U34","Duration":"00:00:00.0097994","StartTime":"2022-03-24T19:24:36.4339039+00:00","EndTime":"2022-03-24T19:24:36.433906+00:00","Properties":[]},{"TestCase":{"Id":"3ab1a67a-db93-6e95-5e82-ea556394a91d","FullyQualifiedName":"BankAppUnitTest.ValidationTest.ShouldValidateNumberEntry","DisplayName":"BankAppUnitTest.ValidationTest.ShouldValidateNumberEntry(userInput: \"1\", expected: True)","ExecutorUri":"executor://xunit/VsTestRunner2/netcoreapp","Source":"C:\\Users\\hp\\Desktop\\BankAppTesting\\BankAppTesting\\BankAppUnitTest\\bin\\Debug\\netcoreapp3.1\\fine-code-coverage\\build-output\\BankAppUnitTest.dll","CodeFilePath":null,"LineNumber":0,"Properties":[]},"Attachments":[],"Outcome":1,"ErrorMessage":null,"ErrorStackTrace":null,"DisplayName":"BankAppUnitTest.ValidationTest.ShouldValidateNumberEntry(userInput: \"1\", expected: True)","Messages":[],"ComputerName":"DESKTOP-IU46U34","Duration":"00:00:00.0000666","StartTime":"2022-03-24T19:24:36.4396044+00:00","EndTime":"2022-03-24T19:24:36.4396072+00:00","Properties":[]},{"TestCase":{"Id":"da82bdf7-2565-d1e7-0297-255d39492f54","FullyQualifiedName":"BankAppUnitTest.AuthenticationTest.ShouldLogin","DisplayName":"BankAppUnitTest.AuthenticationTest.ShouldLogin(email: \"paul\", password: \"43yh\", expected: False)","ExecutorUri":"executor://xunit/VsTestRunner2/netcoreapp","Source":"C:\\Users\\hp\\Desktop\\BankAppTesting\\BankAppTesting\\BankAppUnitTest\\bin\\Debug\\netcoreapp3.1\\fine-code-coverage\\build-output\\BankAppUnitTest.dll","CodeFilePath":null,"LineNumber":0,"Properties":[]},"Attachments":[],"Outcome":1,"ErrorMessage":null,"ErrorStackTrace":null,"DisplayName":"BankAppUnitTest.AuthenticationTest.ShouldLogin(email: \"paul\", password: \"43yh\", expected: False)","Messages":[],"ComputerName":"DESKTOP-IU46U34","Duration":"00:00:00.0001220","StartTime":"2022-03-24T19:24:36.4420716+00:00","EndTime":"2022-03-24T19:24:36.4420738+00:00","Properties":[]},{"TestCase":{"Id":"1ca71c9f-5a4f-0ffe-7403-6c24476b1fbb","FullyQualifiedName":"BankAppUnitTest.ValidationTest.ShouldValidateNumberEntry","DisplayName":"BankAppUnitTest.ValidationTest.ShouldValidateNumberEntry(userInput: \"et\", expected: False)","ExecutorUri":"executor://xunit/VsTestRunner2/netcoreapp","Source":"C:\\Users\\hp\\Desktop\\BankAppTesting\\BankAppTesting\\BankAppUnitTest\\bin\\Debug\\netcoreapp3.1\\fine-code-coverage\\build-output\\BankAppUnitTest.dll","CodeFilePath":null,"LineNumber":0,"Properties":[]},"Attachments":[],"Outcome":1,"ErrorMessage":null,"ErrorStackTrace":null,"DisplayName":"BankAppUnitTest.ValidationTest.ShouldValidateNumberEntry(userInput: \"et\", expected: False)","Messages":[],"ComputerName":"DESKTOP-IU46U34","Duration":"00:00:00.0000090","StartTime":"2022-03-24T19:24:36.4433578+00:00","EndTime":"2022-03-24T19:24:36.4433587+00:00","Properties":[]}],"TestRunStatistics":{"ExecutedTests":6,"Stats":{"Passed":6}},"ActiveTests":[{"Id":"499dba3a-7306-b875-9633-b356f55c47e8","FullyQualifiedName":"BankAppUnitTest.TransactionLogicTest.ShouldWithdrawAmount","DisplayName":"BankAppUnitTest.TransactionLogicTest.ShouldWithdrawAmount(amount: 3000, accountNumber: \"1234567890\", description: \"USSD\", expected: True)","ExecutorUri":"executor://xunit/VsTestRunner2/netcoreapp","Source":"C:\\Users\\hp\\Desktop\\BankAppTesting\\BankAppTesting\\BankAppUnitTest\\bin\\Debug\\netcoreapp3.1\\fine-code-coverage\\build-output\\BankAppUnitTest.dll","CodeFilePath":null,"LineNumber":0,"Properties":[]},{"Id":"cb4a67ee-7ab3-297d-6a86-4d95966d6f08","FullyQualifiedName":"BankAppUnitTest.ValidationTest.ShouldValidateAccountNumber","DisplayName":"BankAppUnitTest.ValidationTest.ShouldValidateAccountNumber(accNumber: \"2134567\", expected: False)","ExecutorUri":"executor://xunit/VsTestRunner2/netcoreapp","Source":"C:\\Users\\hp\\Desktop\\BankAppTesting\\BankAppTesting\\BankAppUnitTest\\bin\\Debug\\netcoreapp3.1\\fine-code-coverage\\build-output\\BankAppUnitTest.dll","CodeFilePath":null,"LineNumber":0,"Properties":[]},{"Id":"2f0e72b0-bb5d-3a08-217f-262367d7ea97","FullyQualifiedName":"BankAppTestProject.AccountLogicTest.ShouldCreateAccountNum","DisplayName":"BankAppTestProject.AccountLogicTest.ShouldCreateAccountNum","ExecutorUri":"executor://xunit/VsTestRunner2/netcoreapp","Source":"C:\\Users\\hp\\Desktop\\BankAppTesting\\BankAppTesting\\BankAppUnitTest\\bin\\Debug\\netcoreapp3.1\\fine-code-coverage\\build-output\\BankAppUnitTest.dll","CodeFilePath":null,"LineNumber":0,"Properties":[]},{"Id":"96b7ca16-0693-8356-bcce-ef322b82d3ec","FullyQualifiedName":"BankAppUnitTest.AuthenticationTest.ShouldRegisterCustomer","DisplayName":"BankAppUnitTest.AuthenticationTest.ShouldRegisterCustomer(firstName: \"Sam\", lastName: \"Ade\", email: \"samadedeji@yahoo.com\", password: \"Holiness1@\", accountType: \"Savings\", expected: True)","ExecutorUri":"executor://xunit/VsTestRunner2/netcoreapp","Source":"C:\\Users\\hp\\Desktop\\BankAppTesting\\BankAppTesting\\BankAppUnitTest\\bin\\Debug\\netcoreapp3.1\\fine-code-coverage\\build-output\\BankAppUnitTest.dll","CodeFilePath":null,"LineNumber":0,"Properties":[]}]}}
TpTrace Verbose: 0 : 32656, 7, 2022/03/24, 20:24:36.521, 968155925471, vstest.console.dll, TestRunRequest:SendTestRunStatsChange: Starting.
TpTrace Verbose: 0 : 32656, 7, 2022/03/24, 20:24:36.521, 968155927281, vstest.console.dll, InProgress is BankAppUnitTest.TransactionLogicTest.ShouldWithdrawAmount(amount: 3000, accountNumber: "1234567890", description: "USSD", expected: True)
TpTrace Verbose: 0 : 32656, 7, 2022/03/24, 20:24:36.521, 968155927781, vstest.console.dll, InProgress is BankAppUnitTest.ValidationTest.ShouldValidateAccountNumber(accNumber: "2134567", expected: False)
TpTrace Verbose: 0 : 32656, 7, 2022/03/24, 20:24:36.521, 968155928097, vstest.console.dll, InProgress is BankAppTestProject.AccountLogicTest.ShouldCreateAccountNum
TpTrace Verbose: 0 : 32656, 7, 2022/03/24, 20:24:36.521, 968155928391, vstest.console.dll, InProgress is BankAppUnitTest.AuthenticationTest.ShouldRegisterCustomer(firstName: "Sam", lastName: "Ade", email: "samadedeji@yahoo.com", password: "Holiness1@", accountType: "Savings", expected: True)
TpTrace Information: 0 : 32656, 7, 2022/03/24, 20:24:36.521, 968155930894, vstest.console.dll, TestRunRequest:SendTestRunStatsChange: Completed.
TpTrace Verbose: 0 : 32656, 7, 2022/03/24, 20:24:36.521, 968155931484, vstest.console.dll, TcpClientExtensions.MessageLoopAsync: Polling on remoteEndPoint: 127.0.0.1:55360 localEndPoint: 127.0.0.1:55359
TpTrace Verbose: 0 : 32656, 7, 2022/03/24, 20:24:36.521, 968155932015, vstest.console.dll, TcpClientExtensions.MessageLoopAsync: NotifyDataAvailable remoteEndPoint: 127.0.0.1:55360 localEndPoint: 127.0.0.1:55359
TpTrace Verbose: 0 : 32656, 7, 2022/03/24, 20:24:36.522, 968155933434, vstest.console.dll, TestRequestSender.OnExecutionMessageReceived: Received message: {"Version":5,"MessageType":"TestExecution.StatsChange","Payload":{"NewTestResults":[{"TestCase":{"Id":"cb4a67ee-7ab3-297d-6a86-4d95966d6f08","FullyQualifiedName":"BankAppUnitTest.ValidationTest.ShouldValidateAccountNumber","DisplayName":"BankAppUnitTest.ValidationTest.ShouldValidateAccountNumber(accNumber: \"2134567\", expected: False)","ExecutorUri":"executor://xunit/VsTestRunner2/netcoreapp","Source":"C:\\Users\\hp\\Desktop\\BankAppTesting\\BankAppTesting\\BankAppUnitTest\\bin\\Debug\\netcoreapp3.1\\fine-code-coverage\\build-output\\BankAppUnitTest.dll","CodeFilePath":null,"LineNumber":0,"Properties":[]},"Attachments":[],"Outcome":1,"ErrorMessage":null,"ErrorStackTrace":null,"DisplayName":"BankAppUnitTest.ValidationTest.ShouldValidateAccountNumber(accNumber: \"2134567\", expected: False)","Messages":[],"ComputerName":"DESKTOP-IU46U34","Duration":"00:00:00.0012775","StartTime":"2022-03-24T19:24:36.4925081+00:00","EndTime":"2022-03-24T19:24:36.4925117+00:00","Properties":[]},{"TestCase":{"Id":"ecb1622b-0ba1-518e-fb0d-4993130b55f0","FullyQualifiedName":"BankAppUnitTest.ValidationTest.ShouldValidateAccountNumber","DisplayName":"BankAppUnitTest.ValidationTest.ShouldValidateAccountNumber(accNumber: \"2121234567\", expected: True)","ExecutorUri":"executor://xunit/VsTestRunner2/netcoreapp","Source":"C:\\Users\\hp\\Desktop\\BankAppTesting\\BankAppTesting\\BankAppUnitTest\\bin\\Debug\\netcoreapp3.1\\fine-code-coverage\\build-output\\BankAppUnitTest.dll","CodeFilePath":null,"LineNumber":0,"Properties":[]},"Attachments":[],"Outcome":1,"ErrorMessage":null,"ErrorStackTrace":null,"DisplayName":"BankAppUnitTest.ValidationTest.ShouldValidateAccountNumber(accNumber: \"2121234567\", expected: True)","Messages":[],"ComputerName":"DESKTOP-IU46U34","Duration":"00:00:00.0000909","StartTime":"2022-03-24T19:24:36.4953734+00:00","EndTime":"2022-03-24T19:24:36.4953758+00:00","Properties":[]},{"TestCase":{"Id":"51989767-2ea8-f297-2771-7b8420050449","FullyQualifiedName":"BankAppUnitTest.ValidationTest.ShouldValidateAccountNumber","DisplayName":"BankAppUnitTest.ValidationTest.ShouldValidateAccountNumber(accNumber: \"\", expected: False)","ExecutorUri":"executor://xunit/VsTestRunner2/netcoreapp","Source":"C:\\Users\\hp\\Desktop\\BankAppTesting\\BankAppTesting\\BankAppUnitTest\\bin\\Debug\\netcoreapp3.1\\fine-code-coverage\\build-output\\BankAppUnitTest.dll","CodeFilePath":null,"LineNumber":0,"Properties":[]},"Attachments":[],"Outcome":1,"ErrorMessage":null,"ErrorStackTrace":null,"DisplayName":"BankAppUnitTest.ValidationTest.ShouldValidateAccountNumber(accNumber: \"\", expected: False)","Messages":[],"ComputerName":"DESKTOP-IU46U34","Duration":"00:00:00.0000281","StartTime":"2022-03-24T19:24:36.4981837+00:00","EndTime":"2022-03-24T19:24:36.4981865+00:00","Properties":[]},{"TestCase":{"Id":"96b7ca16-0693-8356-bcce-ef322b82d3ec","FullyQualifiedName":"BankAppUnitTest.AuthenticationTest.ShouldRegisterCustomer","DisplayName":"BankAppUnitTest.AuthenticationTest.ShouldRegisterCustomer(firstName: \"Sam\", lastName: \"Ade\", email: \"samadedeji@yahoo.com\", password: \"Holiness1@\", accountType: \"Savings\", expected: True)","ExecutorUri":"executor://xunit/VsTestRunner2/netcoreapp","Source":"C:\\Users\\hp\\Desktop\\BankAppTesting\\BankAppTesting\\BankAppUnitTest\\bin\\Debug\\netcoreapp3.1\\fine-code-coverage\\build-output\\BankAppUnitTest.dll","CodeFilePath":null,"LineNumber":0,"Properties":[]},"Attachments":[],"Outcome":1,"ErrorMessage":null,"ErrorStackTrace":null,"DisplayName":"BankAppUnitTest.AuthenticationTest.ShouldRegisterCustomer(firstName: \"Sam\", lastName: \"Ade\", email: \"samadedeji@yahoo.com\", password: \"Holiness1@\", accountType: \"Savings\", expected: True)","Messages":[],"ComputerName":"DESKTOP-IU46U34","Duration":"00:00:00.0063622","StartTime":"2022-03-24T19:24:36.500752+00:00","EndTime":"2022-03-24T19:24:36.5007555+00:00","Properties":[]},{"TestCase":{"Id":"729768cb-8382-4935-1520-d9544df491aa","FullyQualifiedName":"BankAppUnitTest.AuthenticationTest.ShouldRegisterCustomer","DisplayName":"BankAppUnitTest.AuthenticationTest.ShouldRegisterCustomer(firstName: \"sam\", lastName: \"ade\", email: \"paul,kelvin@yahoo.com\", password: \"mid11\", accountType: \"Savings\", expected: False)","ExecutorUri":"executor://xunit/VsTestRunner2/netcoreapp","Source":"C:\\Users\\hp\\Desktop\\BankAppTesting\\BankAppTesting\\BankAppUnitTest\\bin\\Debug\\netcoreapp3.1\\fine-code-coverage\\build-output\\BankAppUnitTest.dll","CodeFilePath":null,"LineNumber":0,"Properties":[]},"Attachments":[],"Outcome":1,"ErrorMessage":null,"ErrorStackTrace":null,"DisplayName":"BankAppUnitTest.AuthenticationTest.ShouldRegisterCustomer(firstName: \"sam\", lastName: \"ade\", email: \"paul,kelvin@yahoo.com\", password: \"mid11\", accountType: \"Savings\", expected: False)","Messages":[],"ComputerName":"DESKTOP-IU46U34","Duration":"00:00:00.0012991","StartTime":"2022-03-24T19:24:36.503172+00:00","EndTime":"2022-03-24T19:24:36.5031755+00:00","Properties":[]},{"TestCase":{"Id":"35d8f80a-a8df-404b-04b7-7ac50603dfa6","FullyQualifiedName":"BankAppUnitTest.AuthenticationTest.ShouldLogout","DisplayName":"BankAppUnitTest.AuthenticationTest.ShouldLogout","ExecutorUri":"executor://xunit/VsTestRunner2/netcoreapp","Source":"C:\\Users\\hp\\Desktop\\BankAppTesting\\BankAppTesting\\BankAppUnitTest\\bin\\Debug\\netcoreapp3.1\\fine-code-coverage\\build-output\\BankAppUnitTest.dll","CodeFilePath":null,"LineNumber":0,"Properties":[]},"Attachments":[],"Outcome":1,"ErrorMessage":null,"ErrorStackTrace":null,"DisplayName":"BankAppUnitTest.AuthenticationTest.ShouldLogout","Messages":[],"ComputerName":"DESKTOP-IU46U34","Duration":"00:00:00.0004889","StartTime":"2022-03-24T19:24:36.5084417+00:00","EndTime":"2022-03-24T19:24:36.508451+00:00","Properties":[]},{"TestCase":{"Id":"528fa7bb-05fd-3532-1f58-b4becd0aed2f","FullyQualifiedName":"BankAppUnitTest.ValidationTest.ShouldValidatePassword","DisplayName":"BankAppUnitTest.ValidationTest.ShouldValidatePassword(password: \"Katemed1.\", expected: True)","ExecutorUri":"executor://xunit/VsTestRunner2/netcoreapp","Source":"C:\\Users\\hp\\Desktop\\BankAppTesting\\BankAppTesting\\BankAppUnitTest\\bin\\Debug\\netcoreapp3.1\\fine-code-coverage\\build-output\\BankAppUnitTest.dll","CodeFilePath":null,"LineNumber":0,"Properties":[]},"Attachments":[],"Outcome":1,"ErrorMessage":null,"ErrorStackTrace":null,"DisplayName":"BankAppUnitTest.ValidationTest.ShouldValidatePassword(password: \"Katemed1.\", expected: True)","Messages":[],"ComputerName":"DESKTOP-IU46U34","Duration":"00:00:00.0077571","StartTime":"2022-03-24T19:24:36.5106266+00:00","EndTime":"2022-03-24T19:24:36.5106287+00:00","Properties":[]},{"TestCase":{"Id":"fab7cea2-e353-5396-b682-c4a58013dad3","FullyQualifiedName":"BankAppUnitTest.ValidationTest.ShouldValidatePassword","DisplayName":"BankAppUnitTest.ValidationTest.ShouldValidatePassword(password: \"mid11\", expected: False)","ExecutorUri":"executor://xunit/VsTestRunner2/netcoreapp","Source":"C:\\Users\\hp\\Desktop\\BankAppTesting\\BankAppTesting\\BankAppUnitTest\\bin\\Debug\\netcoreapp3.1\\fine-code-coverage\\build-output\\BankAppUnitTest.dll","CodeFilePath":null,"LineNumber":0,"Properties":[]},"Attachments":[],"Outcome":1,"ErrorMessage":null,"ErrorStackTrace":null,"DisplayName":"BankAppUnitTest.ValidationTest.ShouldValidatePassword(password: \"mid11\", expected: False)","Messages":[],"ComputerName":"DESKTOP-IU46U34","Duration":"00:00:00.0000570","StartTime":"2022-03-24T19:24:36.5143794+00:00","EndTime":"2022-03-24T19:24:36.5143824+00:00","Properties":[]},{"TestCase":{"Id":"4cf39dc0-7f6d-3615-d64c-95ed7d551e8d","FullyQualifiedName":"BankAppUnitTest.ValidationTest.ShouldValidatePassword","DisplayName":"BankAppUnitTest.ValidationTest.ShouldValidatePassword(password: \"Holiness1@\", expected: True)","ExecutorUri":"executor://xunit/VsTestRunner2/netcoreapp","Source":"C:\\Users\\hp\\Desktop\\BankAppTesting\\BankAppTesting\\BankAppUnitTest\\bin\\Debug\\netcoreapp3.1\\fine-code-coverage\\build-output\\BankAppUnitTest.dll","CodeFilePath":null,"LineNumber":0,"Properties":[]},"Attachments":[],"Outcome":1,"ErrorMessage":null,"ErrorStackTrace":null,"DisplayName":"BankAppUnitTest.ValidationTest.ShouldValidatePassword(password: \"Holiness1@\", expected: True)","Messages":[],"ComputerName":"DESKTOP-IU46U34","Duration":"00:00:00.0000146","StartTime":"2022-03-24T19:24:36.5171182+00:00","EndTime":"2022-03-24T19:24:36.5171231+00:00","Properties":[]}],"TestRunStatistics":{"ExecutedTests":15,"Stats":{"Passed":15}},"ActiveTests":[{"Id":"2048e5b2-969b-5179-e8c6-ef4b22b3c500","FullyQualifiedName":"BankAppUnitTest.ValidationTest.ShouldValidatePassword","DisplayName":"BankAppUnitTest.ValidationTest.ShouldValidatePassword(password: \"\", expected: False)","ExecutorUri":"executor://xunit/VsTestRunner2/netcoreapp","Source":"C:\\Users\\hp\\Desktop\\BankAppTesting\\BankAppTesting\\BankAppUnitTest\\bin\\Debug\\netcoreapp3.1\\fine-code-coverage\\build-output\\BankAppUnitTest.dll","CodeFilePath":null,"LineNumber":0,"Properties":[]}]}}
TpTrace Verbose: 0 : 32656, 7, 2022/03/24, 20:24:36.524, 968155962290, vstest.console.dll, TestRunRequest:SendTestRunStatsChange: Starting.
TpTrace Verbose: 0 : 32656, 7, 2022/03/24, 20:24:36.525, 968155963235, vstest.console.dll, InProgress is BankAppUnitTest.ValidationTest.ShouldValidatePassword(password: "", expected: False)
TpTrace Information: 0 : 32656, 7, 2022/03/24, 20:24:36.525, 968155963879, vstest.console.dll, TestRunRequest:SendTestRunStatsChange: Completed.
TpTrace Verbose: 0 : 32656, 7, 2022/03/24, 20:24:36.525, 968155964261, vstest.console.dll, TcpClientExtensions.MessageLoopAsync: Polling on remoteEndPoint: 127.0.0.1:55360 localEndPoint: 127.0.0.1:55359
TpTrace Verbose: 0 : 32656, 7, 2022/03/24, 20:24:36.546, 968156175201, vstest.console.dll, TcpClientExtensions.MessageLoopAsync: NotifyDataAvailable remoteEndPoint: 127.0.0.1:55360 localEndPoint: 127.0.0.1:55359
TpTrace Verbose: 0 : 32656, 7, 2022/03/24, 20:24:36.546, 968156177038, vstest.console.dll, TestRequestSender.OnExecutionMessageReceived: Received message: {"Version":5,"MessageType":"TestExecution.StatsChange","Payload":{"NewTestResults":[{"TestCase":{"Id":"2048e5b2-969b-5179-e8c6-ef4b22b3c500","FullyQualifiedName":"BankAppUnitTest.ValidationTest.ShouldValidatePassword","DisplayName":"BankAppUnitTest.ValidationTest.ShouldValidatePassword(password: \"\", expected: False)","ExecutorUri":"executor://xunit/VsTestRunner2/netcoreapp","Source":"C:\\Users\\hp\\Desktop\\BankAppTesting\\BankAppTesting\\BankAppUnitTest\\bin\\Debug\\netcoreapp3.1\\fine-code-coverage\\build-output\\BankAppUnitTest.dll","CodeFilePath":null,"LineNumber":0,"Properties":[]},"Attachments":[],"Outcome":1,"ErrorMessage":null,"ErrorStackTrace":null,"DisplayName":"BankAppUnitTest.ValidationTest.ShouldValidatePassword(password: \"\", expected: False)","Messages":[],"ComputerName":"DESKTOP-IU46U34","Duration":"00:00:00.0000098","StartTime":"2022-03-24T19:24:36.5215102+00:00","EndTime":"2022-03-24T19:24:36.521515+00:00","Properties":[]},{"TestCase":{"Id":"96db4b6c-f739-7808-349d-44ffc2fb81c4","FullyQualifiedName":"BankAppUnitTest.ValidationTest.ShouldValidatePassword","DisplayName":"BankAppUnitTest.ValidationTest.ShouldValidatePassword(password: \"paulke11!\", expected: True)","ExecutorUri":"executor://xunit/VsTestRunner2/netcoreapp","Source":"C:\\Users\\hp\\Desktop\\BankAppTesting\\BankAppTesting\\BankAppUnitTest\\bin\\Debug\\netcoreapp3.1\\fine-code-coverage\\build-output\\BankAppUnitTest.dll","CodeFilePath":null,"LineNumber":0,"Properties":[]},"Attachments":[],"Outcome":1,"ErrorMessage":null,"ErrorStackTrace":null,"DisplayName":"BankAppUnitTest.ValidationTest.ShouldValidatePassword(password: \"paulke11!\", expected: True)","Messages":[],"ComputerName":"DESKTOP-IU46U34","Duration":"00:00:00.0000169","StartTime":"2022-03-24T19:24:36.52462+00:00","EndTime":"2022-03-24T19:24:36.5246256+00:00","Properties":[]},{"TestCase":{"Id":"634188f9-f7de-c13b-3bb5-94f467cacd5f","FullyQualifiedName":"BankAppUnitTest.ValidationTest.ShouldValidatePassword","DisplayName":"BankAppUnitTest.ValidationTest.ShouldValidatePassword(password: \"ndia#\", expected: False)","ExecutorUri":"executor://xunit/VsTestRunner2/netcoreapp","Source":"C:\\Users\\hp\\Desktop\\BankAppTesting\\BankAppTesting\\BankAppUnitTest\\bin\\Debug\\netcoreapp3.1\\fine-code-coverage\\build-output\\BankAppUnitTest.dll","CodeFilePath":null,"LineNumber":0,"Properties":[]},"Attachments":[],"Outcome":1,"ErrorMessage":null,"ErrorStackTrace":null,"DisplayName":"BankAppUnitTest.ValidationTest.ShouldValidatePassword(password: \"ndia#\", expected: False)","Messages":[],"ComputerName":"DESKTOP-IU46U34","Duration":"00:00:00.0000104","StartTime":"2022-03-24T19:24:36.527654+00:00","EndTime":"2022-03-24T19:24:36.527657+00:00","Properties":[]},{"TestCase":{"Id":"05fffa61-13fa-5642-74de-accb2ecaa929","FullyQualifiedName":"BankAppUnitTest.ValidationTest.ShouldValidatePassword","DisplayName":"BankAppUnitTest.ValidationTest.ShouldValidatePassword(password: \"neda1.\", expected: True)","ExecutorUri":"executor://xunit/VsTestRunner2/netcoreapp","Source":"C:\\Users\\hp\\Desktop\\BankAppTesting\\BankAppTesting\\BankAppUnitTest\\bin\\Debug\\netcoreapp3.1\\fine-code-coverage\\build-output\\BankAppUnitTest.dll","CodeFilePath":null,"LineNumber":0,"Properties":[]},"Attachments":[],"Outcome":1,"ErrorMessage":null,"ErrorStackTrace":null,"DisplayName":"BankAppUnitTest.ValidationTest.ShouldValidatePassword(password: \"neda1.\", expected: True)","Messages":[],"ComputerName":"DESKTOP-IU46U34","Duration":"00:00:00.0000111","StartTime":"2022-03-24T19:24:36.5304927+00:00","EndTime":"2022-03-24T19:24:36.5304966+00:00","Properties":[]},{"TestCase":{"Id":"115071b3-bc44-eae8-5dfd-0485c4f473bc","FullyQualifiedName":"BankAppUnitTest.ValidationTest.ShouldValidateName","DisplayName":"BankAppUnitTest.ValidationTest.ShouldValidateName(name: \"1234\", expected: False)","ExecutorUri":"executor://xunit/VsTestRunner2/netcoreapp","Source":"C:\\Users\\hp\\Desktop\\BankAppTesting\\BankAppTesting\\BankAppUnitTest\\bin\\Debug\\netcoreapp3.1\\fine-code-coverage\\build-output\\BankAppUnitTest.dll","CodeFilePath":null,"LineNumber":0,"Properties":[]},"Attachments":[],"Outcome":1,"ErrorMessage":null,"ErrorStackTrace":null,"DisplayName":"BankAppUnitTest.ValidationTest.ShouldValidateName(name: \"1234\", expected: False)","Messages":[],"ComputerName":"DESKTOP-IU46U34","Duration":"00:00:00.0004636","StartTime":"2022-03-24T19:24:36.5332695+00:00","EndTime":"2022-03-24T19:24:36.533273+00:00","Properties":[]},{"TestCase":{"Id":"47a02194-cf3a-a2f0-5032-c9b662c2eb38","FullyQualifiedName":"BankAppUnitTest.ValidationTest.ShouldValidateName","DisplayName":"BankAppUnitTest.ValidationTest.ShouldValidateName(name: \"Samuel\", expected: True)","ExecutorUri":"executor://xunit/VsTestRunner2/netcoreapp","Source":"C:\\Users\\hp\\Desktop\\BankAppTesting\\BankAppTesting\\BankAppUnitTest\\bin\\Debug\\netcoreapp3.1\\fine-code-coverage\\build-output\\BankAppUnitTest.dll","CodeFilePath":null,"LineNumber":0,"Properties":[]},"Attachments":[],"Outcome":1,"ErrorMessage":null,"ErrorStackTrace":null,"DisplayName":"BankAppUnitTest.ValidationTest.ShouldValidateName(name: \"Samuel\", expected: True)","Messages":[],"ComputerName":"DESKTOP-IU46U34","Duration":"00:00:00.0000223","StartTime":"2022-03-24T19:24:36.5361023+00:00","EndTime":"2022-03-24T19:24:36.5361064+00:00","Properties":[]},{"TestCase":{"Id":"a017ed52-1416-8023-0ba5-ff7b3bdfda1c","FullyQualifiedName":"BankAppUnitTest.ValidationTest.ShouldValidateName","DisplayName":"BankAppUnitTest.ValidationTest.ShouldValidateName(name: \"\", expected: False)","ExecutorUri":"executor://xunit/VsTestRunner2/netcoreapp","Source":"C:\\Users\\hp\\Desktop\\BankAppTesting\\BankAppTesting\\BankAppUnitTest\\bin\\Debug\\netcoreapp3.1\\fine-code-coverage\\build-output\\BankAppUnitTest.dll","CodeFilePath":null,"LineNumber":0,"Properties":[]},"Attachments":[],"Outcome":1,"ErrorMessage":null,"ErrorStackTrace":null,"DisplayName":"BankAppUnitTest.ValidationTest.ShouldValidateName(name: \"\", expected: False)","Messages":[],"ComputerName":"DESKTOP-IU46U34","Duration":"00:00:00.0000083","StartTime":"2022-03-24T19:24:36.5388448+00:00","EndTime":"2022-03-24T19:24:36.5388489+00:00","Properties":[]},{"TestCase":{"Id":"7dcd0cc0-b8db-6cca-4b5d-ab22b3fc7401","FullyQualifiedName":"BankAppUnitTest.ValidationTest.ShouldValidateName","DisplayName":"BankAppUnitTest.ValidationTest.ShouldValidateName(name: \"23sam\", expected: False)","ExecutorUri":"executor://xunit/VsTestRunner2/netcoreapp","Source":"C:\\Users\\hp\\Desktop\\BankAppTesting\\BankAppTesting\\BankAppUnitTest\\bin\\Debug\\netcoreapp3.1\\fine-code-coverage\\build-output\\BankAppUnitTest.dll","CodeFilePath":null,"LineNumber":0,"Properties":[]},"Attachments":[],"Outcome":1,"ErrorMessage":null,"ErrorStackTrace":null,"DisplayName":"BankAppUnitTest.ValidationTest.ShouldValidateName(name: \"23sam\", expected: False)","Messages":[],"ComputerName":"DESKTOP-IU46U34","Duration":"00:00:00.0000076","StartTime":"2022-03-24T19:24:36.5412238+00:00","EndTime":"2022-03-24T19:24:36.5412268+00:00","Properties":[]},{"TestCase":{"Id":"7a3d5f4d-0a84-d9bd-0b98-3ac3a49ee16d","FullyQualifiedName":"BankAppUnitTest.ValidationTest.ShouldValidateName","DisplayName":"BankAppUnitTest.ValidationTest.ShouldValidateName(name: \"samuel\", expected: False)","ExecutorUri":"executor://xunit/VsTestRunner2/netcoreapp","Source":"C:\\Users\\hp\\Desktop\\BankAppTesting\\BankAppTesting\\BankAppUnitTest\\bin\\Debug\\netcoreapp3.1\\fine-code-coverage\\build-output\\BankAppUnitTest.dll","CodeFilePath":null,"LineNumber":0,"Properties":[]},"Attachments":[],"Outcome":1,"ErrorMessage":null,"ErrorStackTrace":null,"DisplayName":"BankAppUnitTest.ValidationTest.ShouldValidateName(name: \"samuel\", expected: False)","Messages":[],"ComputerName":"DESKTOP-IU46U34","Duration":"00:00:00.0000076","StartTime":"2022-03-24T19:24:36.5440663+00:00","EndTime":"2022-03-24T19:24:36.5440701+00:00","Properties":[]}],"TestRunStatistics":{"ExecutedTests":24,"Stats":{"Passed":24}},"ActiveTests":[{"Id":"a1477cc3-7329-964e-e900-de18ac26d1dc","FullyQualifiedName":"BankAppUnitTest.ValidationTest.ShouldValidateEmail","DisplayName":"BankAppUnitTest.ValidationTest.ShouldValidateEmail(email: \"paul.com\", expected: False)","ExecutorUri":"executor://xunit/VsTestRunner2/netcoreapp","Source":"C:\\Users\\hp\\Desktop\\BankAppTesting\\BankAppTesting\\BankAppUnitTest\\bin\\Debug\\netcoreapp3.1\\fine-code-coverage\\build-output\\BankAppUnitTest.dll","CodeFilePath":null,"LineNumber":0,"Properties":[]}]}}
TpTrace Verbose: 0 : 32656, 7, 2022/03/24, 20:24:36.548, 968156200187, vstest.console.dll, TestRunRequest:SendTestRunStatsChange: Starting.
TpTrace Verbose: 0 : 32656, 7, 2022/03/24, 20:24:36.548, 968156201161, vstest.console.dll, InProgress is BankAppUnitTest.ValidationTest.ShouldValidateEmail(email: "paul.com", expected: False)
TpTrace Information: 0 : 32656, 7, 2022/03/24, 20:24:36.548, 968156201774, vstest.console.dll, TestRunRequest:SendTestRunStatsChange: Completed.
TpTrace Verbose: 0 : 32656, 7, 2022/03/24, 20:24:36.548, 968156202113, vstest.console.dll, TcpClientExtensions.MessageLoopAsync: Polling on remoteEndPoint: 127.0.0.1:55360 localEndPoint: 127.0.0.1:55359
TpTrace Verbose: 0 : 32656, 7, 2022/03/24, 20:24:36.564, 968156360897, vstest.console.dll, TcpClientExtensions.MessageLoopAsync: NotifyDataAvailable remoteEndPoint: 127.0.0.1:55360 localEndPoint: 127.0.0.1:55359
TpTrace Verbose: 0 : 32656, 7, 2022/03/24, 20:24:36.565, 968156364669, vstest.console.dll, TestRequestSender.OnExecutionMessageReceived: Received message: {"Version":5,"MessageType":"TestExecution.StatsChange","Payload":{"NewTestResults":[{"TestCase":{"Id":"a1477cc3-7329-964e-e900-de18ac26d1dc","FullyQualifiedName":"BankAppUnitTest.ValidationTest.ShouldValidateEmail","DisplayName":"BankAppUnitTest.ValidationTest.ShouldValidateEmail(email: \"paul.com\", expected: False)","ExecutorUri":"executor://xunit/VsTestRunner2/netcoreapp","Source":"C:\\Users\\hp\\Desktop\\BankAppTesting\\BankAppTesting\\BankAppUnitTest\\bin\\Debug\\netcoreapp3.1\\fine-code-coverage\\build-output\\BankAppUnitTest.dll","CodeFilePath":null,"LineNumber":0,"Properties":[]},"Attachments":[],"Outcome":1,"ErrorMessage":null,"ErrorStackTrace":null,"DisplayName":"BankAppUnitTest.ValidationTest.ShouldValidateEmail(email: \"paul.com\", expected: False)","Messages":[],"ComputerName":"DESKTOP-IU46U34","Duration":"00:00:00.0004400","StartTime":"2022-03-24T19:24:36.5472516+00:00","EndTime":"2022-03-24T19:24:36.5472562+00:00","Properties":[]},{"TestCase":{"Id":"9e65b0e6-edeb-7f99-25a3-c542a0b19a5b","FullyQualifiedName":"BankAppUnitTest.ValidationTest.ShouldValidateEmail","DisplayName":"BankAppUnitTest.ValidationTest.ShouldValidateEmail(email: \"paul\", expected: False)","ExecutorUri":"executor://xunit/VsTestRunner2/netcoreapp","Source":"C:\\Users\\hp\\Desktop\\BankAppTesting\\BankAppTesting\\BankAppUnitTest\\bin\\Debug\\netcoreapp3.1\\fine-code-coverage\\build-output\\BankAppUnitTest.dll","CodeFilePath":null,"LineNumber":0,"Properties":[]},"Attachments":[],"Outcome":1,"ErrorMessage":null,"ErrorStackTrace":null,"DisplayName":"BankAppUnitTest.ValidationTest.ShouldValidateEmail(email: \"paul\", expected: False)","Messages":[],"ComputerName":"DESKTOP-IU46U34","Duration":"00:00:00.0000196","StartTime":"2022-03-24T19:24:36.5492699+00:00","EndTime":"2022-03-24T19:24:36.5492725+00:00","Properties":[]},{"TestCase":{"Id":"78f1d677-5bd9-1b88-49ed-37a77d894d2f","FullyQualifiedName":"BankAppUnitTest.ValidationTest.ShouldValidateEmail","DisplayName":"BankAppUnitTest.ValidationTest.ShouldValidateEmail(email: \"paulkelvin@company.com\", expected: True)","ExecutorUri":"executor://xunit/VsTestRunner2/netcoreapp","Source":"C:\\Users\\hp\\Desktop\\BankAppTesting\\BankAppTesting\\BankAppUnitTest\\bin\\Debug\\netcoreapp3.1\\fine-code-coverage\\build-output\\BankAppUnitTest.dll","CodeFilePath":null,"LineNumber":0,"Properties":[]},"Attachments":[],"Outcome":1,"ErrorMessage":null,"ErrorStackTrace":null,"DisplayName":"BankAppUnitTest.ValidationTest.ShouldValidateEmail(email: \"paulkelvin@company.com\", expected: True)","Messages":[],"ComputerName":"DESKTOP-IU46U34","Duration":"00:00:00.0000103","StartTime":"2022-03-24T19:24:36.5510868+00:00","EndTime":"2022-03-24T19:24:36.5510882+00:00","Properties":[]},{"TestCase":{"Id":"b3be6961-b1fd-2724-898a-54e672ca4fa9","FullyQualifiedName":"BankAppUnitTest.ValidationTest.ShouldValidateEmail","DisplayName":"BankAppUnitTest.ValidationTest.ShouldValidateEmail(email: \"\", expected: False)","ExecutorUri":"executor://xunit/VsTestRunner2/netcoreapp","Source":"C:\\Users\\hp\\Desktop\\BankAppTesting\\BankAppTesting\\BankAppUnitTest\\bin\\Debug\\netcoreapp3.1\\fine-code-coverage\\build-output\\BankAppUnitTest.dll","CodeFilePath":null,"LineNumber":0,"Properties":[]},"Attachments":[],"Outcome":1,"ErrorMessage":null,"ErrorStackTrace":null,"DisplayName":"BankAppUnitTest.ValidationTest.ShouldValidateEmail(email: \"\", expected: False)","Messages":[],"ComputerName":"DESKTOP-IU46U34","Duration":"00:00:00.0000081","StartTime":"2022-03-24T19:24:36.5525784+00:00","EndTime":"2022-03-24T19:24:36.5525804+00:00","Properties":[]},{"TestCase":{"Id":"567b0e1f-54ed-16ff-8bee-21e7f5003f0e","FullyQualifiedName":"BankAppUnitTest.ValidationTest.ShouldValidateEmail","DisplayName":"BankAppUnitTest.ValidationTest.ShouldValidateEmail(email: \"samadedeji@yahoo.com\", expected: True)","ExecutorUri":"executor://xunit/VsTestRunner2/netcoreapp","Source":"C:\\Users\\hp\\Desktop\\BankAppTesting\\BankAppTesting\\BankAppUnitTest\\bin\\Debug\\netcoreapp3.1\\fine-code-coverage\\build-output\\BankAppUnitTest.dll","CodeFilePath":null,"LineNumber":0,"Properties":[]},"Attachments":[],"Outcome":1,"ErrorMessage":null,"ErrorStackTrace":null,"DisplayName":"BankAppUnitTest.ValidationTest.ShouldValidateEmail(email: \"samadedeji@yahoo.com\", expected: True)","Messages":[],"ComputerName":"DESKTOP-IU46U34","Duration":"00:00:00.0000088","StartTime":"2022-03-24T19:24:36.5540974+00:00","EndTime":"2022-03-24T19:24:36.5540991+00:00","Properties":[]},{"TestCase":{"Id":"306e134a-c4b2-2adb-3c0a-dd8c26922bcb","FullyQualifiedName":"BankAppUnitTest.ValidationTest.ShouldValidateEmail","DisplayName":"BankAppUnitTest.ValidationTest.ShouldValidateEmail(email: \"paul.kelvin.company.com\", expected: False)","ExecutorUri":"executor://xunit/VsTestRunner2/netcoreapp","Source":"C:\\Users\\hp\\Desktop\\BankAppTesting\\BankAppTesting\\BankAppUnitTest\\bin\\Debug\\netcoreapp3.1\\fine-code-coverage\\build-output\\BankAppUnitTest.dll","CodeFilePath":null,"LineNumber":0,"Properties":[]},"Attachments":[],"Outcome":1,"ErrorMessage":null,"ErrorStackTrace":null,"DisplayName":"BankAppUnitTest.ValidationTest.ShouldValidateEmail(email: \"paul.kelvin.company.com\", expected: False)","Messages":[],"ComputerName":"DESKTOP-IU46U34","Duration":"00:00:00.0000112","StartTime":"2022-03-24T19:24:36.5558676+00:00","EndTime":"2022-03-24T19:24:36.5558692+00:00","Properties":[]},{"TestCase":{"Id":"9e8d3495-6701-cc56-16e7-906180aa98c6","FullyQualifiedName":"BankAppUnitTest.ValidationTest.ShouldValidateEmail","DisplayName":"BankAppUnitTest.ValidationTest.ShouldValidateEmail(email: \"sam@gmail.com\", expected: True)","ExecutorUri":"executor://xunit/VsTestRunner2/netcoreapp","Source":"C:\\Users\\hp\\Desktop\\BankAppTesting\\BankAppTesting\\BankAppUnitTest\\bin\\Debug\\netcoreapp3.1\\fine-code-coverage\\build-output\\BankAppUnitTest.dll","CodeFilePath":null,"LineNumber":0,"Properties":[]},"Attachments":[],"Outcome":1,"ErrorMessage":null,"ErrorStackTrace":null,"DisplayName":"BankAppUnitTest.ValidationTest.ShouldValidateEmail(email: \"sam@gmail.com\", expected: True)","Messages":[],"ComputerName":"DESKTOP-IU46U34","Duration":"00:00:00.0000082","StartTime":"2022-03-24T19:24:36.5576077+00:00","EndTime":"2022-03-24T19:24:36.5576094+00:00","Properties":[]},{"TestCase":{"Id":"b1de8f99-6778-a08c-6102-00cc81611b6f","FullyQualifiedName":"BankAppUnitTest.ValidationTest.ShouldValidateEmail","DisplayName":"BankAppUnitTest.ValidationTest.ShouldValidateEmail(email: \"sam.ade@yahoo.com\", expected: True)","ExecutorUri":"executor://xunit/VsTestRunner2/netcoreapp","Source":"C:\\Users\\hp\\Desktop\\BankAppTesting\\BankAppTesting\\BankAppUnitTest\\bin\\Debug\\netcoreapp3.1\\fine-code-coverage\\build-output\\BankAppUnitTest.dll","CodeFilePath":null,"LineNumber":0,"Properties":[]},"Attachments":[],"Outcome":1,"ErrorMessage":null,"ErrorStackTrace":null,"DisplayName":"BankAppUnitTest.ValidationTest.ShouldValidateEmail(email: \"sam.ade@yahoo.com\", expected: True)","Messages":[],"ComputerName":"DESKTOP-IU46U34","Duration":"00:00:00.0000086","StartTime":"2022-03-24T19:24:36.5597871+00:00","EndTime":"2022-03-24T19:24:36.5597903+00:00","Properties":[]},{"TestCase":{"Id":"129070fd-b4db-549d-db23-ab6fe544025e","FullyQualifiedName":"BankAppUnitTest.ValidationTest.ShouldValidateEmail","DisplayName":"BankAppUnitTest.ValidationTest.ShouldValidateEmail(email: \"paul,kelvin@yahoo.com\", expected: False)","ExecutorUri":"executor://xunit/VsTestRunner2/netcoreapp","Source":"C:\\Users\\hp\\Desktop\\BankAppTesting\\BankAppTesting\\BankAppUnitTest\\bin\\Debug\\netcoreapp3.1\\fine-code-coverage\\build-output\\BankAppUnitTest.dll","CodeFilePath":null,"LineNumber":0,"Properties":[]},"Attachments":[],"Outcome":1,"ErrorMessage":null,"ErrorStackTrace":null,"DisplayName":"BankAppUnitTest.ValidationTest.ShouldValidateEmail(email: \"paul,kelvin@yahoo.com\", expected: False)","Messages":[],"ComputerName":"DESKTOP-IU46U34","Duration":"00:00:00.0000079","StartTime":"2022-03-24T19:24:36.5618924+00:00","EndTime":"2022-03-24T19:24:36.5618948+00:00","Properties":[]}],"TestRunStatistics":{"ExecutedTests":33,"Stats":{"Passed":33}},"ActiveTests":[{"Id":"a892c183-0104-62c1-fd07-5db15451e716","FullyQualifiedName":"BankAppUnitTest.ValidationTest.ShouldValidateAmount","DisplayName":"BankAppUnitTest.ValidationTest.ShouldValidateAmount(amount: \"0\", expected: False)","ExecutorUri":"executor://xunit/VsTestRunner2/netcoreapp","Source":"C:\\Users\\hp\\Desktop\\BankAppTesting\\BankAppTesting\\BankAppUnitTest\\bin\\Debug\\netcoreapp3.1\\fine-code-coverage\\build-output\\BankAppUnitTest.dll","CodeFilePath":null,"LineNumber":0,"Properties":[]}]}}
TpTrace Verbose: 0 : 32656, 7, 2022/03/24, 20:24:36.568, 968156394419, vstest.console.dll, TestRunRequest:SendTestRunStatsChange: Starting.
TpTrace Verbose: 0 : 32656, 7, 2022/03/24, 20:24:36.568, 968156395519, vstest.console.dll, InProgress is BankAppUnitTest.ValidationTest.ShouldValidateAmount(amount: "0", expected: False)
TpTrace Information: 0 : 32656, 7, 2022/03/24, 20:24:36.568, 968156396249, vstest.console.dll, TestRunRequest:SendTestRunStatsChange: Completed.
TpTrace Verbose: 0 : 32656, 7, 2022/03/24, 20:24:36.568, 968156396875, vstest.console.dll, TcpClientExtensions.MessageLoopAsync: Polling on remoteEndPoint: 127.0.0.1:55360 localEndPoint: 127.0.0.1:55359
TpTrace Verbose: 0 : 32656, 7, 2022/03/24, 20:24:36.596, 968156682458, vstest.console.dll, TcpClientExtensions.MessageLoopAsync: NotifyDataAvailable remoteEndPoint: 127.0.0.1:55360 localEndPoint: 127.0.0.1:55359
TpTrace Verbose: 0 : 32656, 7, 2022/03/24, 20:24:36.597, 968156686600, vstest.console.dll, TestRequestSender.OnExecutionMessageReceived: Received message: {"Version":5,"MessageType":"TestExecution.StatsChange","Payload":{"NewTestResults":[{"TestCase":{"Id":"a892c183-0104-62c1-fd07-5db15451e716","FullyQualifiedName":"BankAppUnitTest.ValidationTest.ShouldValidateAmount","DisplayName":"BankAppUnitTest.ValidationTest.ShouldValidateAmount(amount: \"0\", expected: False)","ExecutorUri":"executor://xunit/VsTestRunner2/netcoreapp","Source":"C:\\Users\\hp\\Desktop\\BankAppTesting\\BankAppTesting\\BankAppUnitTest\\bin\\Debug\\netcoreapp3.1\\fine-code-coverage\\build-output\\BankAppUnitTest.dll","CodeFilePath":null,"LineNumber":0,"Properties":[]},"Attachments":[],"Outcome":1,"ErrorMessage":null,"ErrorStackTrace":null,"DisplayName":"BankAppUnitTest.ValidationTest.ShouldValidateAmount(amount: \"0\", expected: False)","Messages":[],"ComputerName":"DESKTOP-IU46U34","Duration":"00:00:00.0004034","StartTime":"2022-03-24T19:24:36.5658643+00:00","EndTime":"2022-03-24T19:24:36.5658667+00:00","Properties":[]},{"TestCase":{"Id":"2a2b9ed6-cd26-9c83-655e-8397286030bc","FullyQualifiedName":"BankAppUnitTest.ValidationTest.ShouldValidateAmount","DisplayName":"BankAppUnitTest.ValidationTest.ShouldValidateAmount(amount: \"1000\", expected: True)","ExecutorUri":"executor://xunit/VsTestRunner2/netcoreapp","Source":"C:\\Users\\hp\\Desktop\\BankAppTesting\\BankAppTesting\\BankAppUnitTest\\bin\\Debug\\netcoreapp3.1\\fine-code-coverage\\build-output\\BankAppUnitTest.dll","CodeFilePath":null,"LineNumber":0,"Properties":[]},"Attachments":[],"Outcome":1,"ErrorMessage":null,"ErrorStackTrace":null,"DisplayName":"BankAppUnitTest.ValidationTest.ShouldValidateAmount(amount: \"1000\", expected: True)","Messages":[],"ComputerName":"DESKTOP-IU46U34","Duration":"00:00:00.0000201","StartTime":"2022-03-24T19:24:36.5684785+00:00","EndTime":"2022-03-24T19:24:36.5684809+00:00","Properties":[]},{"TestCase":{"Id":"8408e0d2-eff1-1c99-348a-3e655cde168d","FullyQualifiedName":"BankAppUnitTest.ValidationTest.ShouldValidateAmount","DisplayName":"BankAppUnitTest.ValidationTest.ShouldValidateAmount(amount: \"1mw\", expected: False)","ExecutorUri":"executor://xunit/VsTestRunner2/netcoreapp","Source":"C:\\Users\\hp\\Desktop\\BankAppTesting\\BankAppTesting\\BankAppUnitTest\\bin\\Debug\\netcoreapp3.1\\fine-code-coverage\\build-output\\BankAppUnitTest.dll","CodeFilePath":null,"LineNumber":0,"Properties":[]},"Attachments":[],"Outcome":1,"ErrorMessage":null,"ErrorStackTrace":null,"DisplayName":"BankAppUnitTest.ValidationTest.ShouldValidateAmount(amount: \"1mw\", expected: False)","Messages":[],"ComputerName":"DESKTOP-IU46U34","Duration":"00:00:00.0000094","StartTime":"2022-03-24T19:24:36.5711278+00:00","EndTime":"2022-03-24T19:24:36.5711307+00:00","Properties":[]},{"TestCase":{"Id":"7759668f-3bec-c222-488b-92cac164d34f","FullyQualifiedName":"BankAppUnitTest.ValidationTest.ShouldValidateAmount","DisplayName":"BankAppUnitTest.ValidationTest.ShouldValidateAmount(amount: \"100\", expected: True)","ExecutorUri":"executor://xunit/VsTestRunner2/netcoreapp","Source":"C:\\Users\\hp\\Desktop\\BankAppTesting\\BankAppTesting\\BankAppUnitTest\\bin\\Debug\\netcoreapp3.1\\fine-code-coverage\\build-output\\BankAppUnitTest.dll","CodeFilePath":null,"LineNumber":0,"Properties":[]},"Attachments":[],"Outcome":1,"ErrorMessage":null,"ErrorStackTrace":null,"DisplayName":"BankAppUnitTest.ValidationTest.ShouldValidateAmount(amount: \"100\", expected: True)","Messages":[],"ComputerName":"DESKTOP-IU46U34","Duration":"00:00:00.0000079","StartTime":"2022-03-24T19:24:36.5738233+00:00","EndTime":"2022-03-24T19:24:36.5738267+00:00","Properties":[]},{"TestCase":{"Id":"499dba3a-7306-b875-9633-b356f55c47e8","FullyQualifiedName":"BankAppUnitTest.TransactionLogicTest.ShouldWithdrawAmount","DisplayName":"BankAppUnitTest.TransactionLogicTest.ShouldWithdrawAmount(amount: 3000, accountNumber: \"1234567890\", description: \"USSD\", expected: True)","ExecutorUri":"executor://xunit/VsTestRunner2/netcoreapp","Source":"C:\\Users\\hp\\Desktop\\BankAppTesting\\BankAppTesting\\BankAppUnitTest\\bin\\Debug\\netcoreapp3.1\\fine-code-coverage\\build-output\\BankAppUnitTest.dll","CodeFilePath":null,"LineNumber":0,"Properties":[]},"Attachments":[],"Outcome":1,"ErrorMessage":null,"ErrorStackTrace":null,"DisplayName":"BankAppUnitTest.TransactionLogicTest.ShouldWithdrawAmount(amount: 3000, accountNumber: \"1234567890\", description: \"USSD\", expected: True)","Messages":[],"ComputerName":"DESKTOP-IU46U34","Duration":"00:00:00.1613661","StartTime":"2022-03-24T19:24:36.5756451+00:00","EndTime":"2022-03-24T19:24:36.5756467+00:00","Properties":[]},{"TestCase":{"Id":"5cf6d28c-069b-9e6d-9675-f45ed002e54e","FullyQualifiedName":"BankAppUnitTest.TransactionLogicTest.ShouldWithdrawAmount","DisplayName":"BankAppUnitTest.TransactionLogicTest.ShouldWithdrawAmount(amount: 2000, accountNumber: \"0987654321\", description: \"Tfare\", expected: False)","ExecutorUri":"executor://xunit/VsTestRunner2/netcoreapp","Source":"C:\\Users\\hp\\Desktop\\BankAppTesting\\BankAppTesting\\BankAppUnitTest\\bin\\Debug\\netcoreapp3.1\\fine-code-coverage\\build-output\\BankAppUnitTest.dll","CodeFilePath":null,"LineNumber":0,"Properties":[]},"Attachments":[],"Outcome":1,"ErrorMessage":null,"ErrorStackTrace":null,"DisplayName":"BankAppUnitTest.TransactionLogicTest.ShouldWithdrawAmount(amount: 2000, accountNumber: \"0987654321\", description: \"Tfare\", expected: False)","Messages":[],"ComputerName":"DESKTOP-IU46U34","Duration":"00:00:00.0131226","StartTime":"2022-03-24T19:24:36.5787167+00:00","EndTime":"2022-03-24T19:24:36.5787201+00:00","Properties":[]},{"TestCase":{"Id":"2f0e72b0-bb5d-3a08-217f-262367d7ea97","FullyQualifiedName":"BankAppTestProject.AccountLogicTest.ShouldCreateAccountNum","DisplayName":"BankAppTestProject.AccountLogicTest.ShouldCreateAccountNum","ExecutorUri":"executor://xunit/VsTestRunner2/netcoreapp","Source":"C:\\Users\\hp\\Desktop\\BankAppTesting\\BankAppTesting\\BankAppUnitTest\\bin\\Debug\\netcoreapp3.1\\fine-code-coverage\\build-output\\BankAppUnitTest.dll","CodeFilePath":null,"LineNumber":0,"Properties":[]},"Attachments":[],"Outcome":1,"ErrorMessage":null,"ErrorStackTrace":null,"DisplayName":"BankAppTestProject.AccountLogicTest.ShouldCreateAccountNum","Messages":[],"ComputerName":"DESKTOP-IU46U34","Duration":"00:00:00.1525126","StartTime":"2022-03-24T19:24:36.5816305+00:00","EndTime":"2022-03-24T19:24:36.5816332+00:00","Properties":[]},{"TestCase":{"Id":"28342ace-7a08-53a9-97db-d50066b788a4","FullyQualifiedName":"BankAppUnitTest.TransactionLogicTest.ShouldDepositAmount","DisplayName":"BankAppUnitTest.TransactionLogicTest.ShouldDepositAmount(amount: 500, accountNumber: \"1234567891\", description: \"USSD\", expected: True)","ExecutorUri":"executor://xunit/VsTestRunner2/netcoreapp","Source":"C:\\Users\\hp\\Desktop\\BankAppTesting\\BankAppTesting\\BankAppUnitTest\\bin\\Debug\\netcoreapp3.1\\fine-code-coverage\\build-output\\BankAppUnitTest.dll","CodeFilePath":null,"LineNumber":0,"Properties":[]},"Attachments":[],"Outcome":1,"ErrorMessage":null,"ErrorStackTrace":null,"DisplayName":"BankAppUnitTest.TransactionLogicTest.ShouldDepositAmount(amount: 500, accountNumber: \"1234567891\", description: \"USSD\", expected: True)","Messages":[],"ComputerName":"DESKTOP-IU46U34","Duration":"00:00:00.0034507","StartTime":"2022-03-24T19:24:36.5843355+00:00","EndTime":"2022-03-24T19:24:36.5843377+00:00","Properties":[]}],"TestRunStatistics":{"ExecutedTests":41,"Stats":{"Passed":41}},"ActiveTests":[{"Id":"dd6aed76-33cc-5ba6-c451-b17cbcc40695","FullyQualifiedName":"BankAppTestProject.AccountLogicTest.ShouldGetBalance","DisplayName":"BankAppTestProject.AccountLogicTest.ShouldGetBalance","ExecutorUri":"executor://xunit/VsTestRunner2/netcoreapp","Source":"C:\\Users\\hp\\Desktop\\BankAppTesting\\BankAppTesting\\BankAppUnitTest\\bin\\Debug\\netcoreapp3.1\\fine-code-coverage\\build-output\\BankAppUnitTest.dll","CodeFilePath":null,"LineNumber":0,"Properties":[]},{"Id":"9c354f7c-a605-f759-5066-c23121b89452","FullyQualifiedName":"BankAppUnitTest.TransactionLogicTest.ShouldDepositAmount","DisplayName":"BankAppUnitTest.TransactionLogicTest.ShouldDepositAmount(amount: 2500, accountNumber: \"0987654321\", description: \"Tfare\", expected: False)","ExecutorUri":"executor://xunit/VsTestRunner2/netcoreapp","Source":"C:\\Users\\hp\\Desktop\\BankAppTesting\\BankAppTesting\\BankAppUnitTest\\bin\\Debug\\netcoreapp3.1\\fine-code-coverage\\build-output\\BankAppUnitTest.dll","CodeFilePath":null,"LineNumber":0,"Properties":[]}]}}
TpTrace Verbose: 0 : 32656, 7, 2022/03/24, 20:24:36.607, 968156783111, vstest.console.dll, TestRunRequest:SendTestRunStatsChange: Starting.
TpTrace Verbose: 0 : 32656, 7, 2022/03/24, 20:24:36.607, 968156784601, vstest.console.dll, InProgress is BankAppTestProject.AccountLogicTest.ShouldGetBalance
TpTrace Verbose: 0 : 32656, 7, 2022/03/24, 20:24:36.607, 968156785673, vstest.console.dll, InProgress is BankAppUnitTest.TransactionLogicTest.ShouldDepositAmount(amount: 2500, accountNumber: "0987654321", description: "Tfare", expected: False)
TpTrace Information: 0 : 32656, 7, 2022/03/24, 20:24:36.607, 968156786691, vstest.console.dll, TestRunRequest:SendTestRunStatsChange: Completed.
TpTrace Verbose: 0 : 32656, 7, 2022/03/24, 20:24:36.607, 968156787322, vstest.console.dll, TcpClientExtensions.MessageLoopAsync: Polling on remoteEndPoint: 127.0.0.1:55360 localEndPoint: 127.0.0.1:55359
TpTrace Verbose: 0 : 32656, 7, 2022/03/24, 20:24:36.611, 968156831654, vstest.console.dll, TcpClientExtensions.MessageLoopAsync: NotifyDataAvailable remoteEndPoint: 127.0.0.1:55360 localEndPoint: 127.0.0.1:55359
TpTrace Verbose: 0 : 32656, 7, 2022/03/24, 20:24:36.612, 968156833846, vstest.console.dll, TestRequestSender.OnExecutionMessageReceived: Received message: {"Version":5,"MessageType":"TestSession.Message","Payload":{"MessageLevel":0,"Message":"[xUnit.net 00:00:00.94]   Finished:    BankAppUnitTest"}}
TpTrace Verbose: 0 : 32656, 7, 2022/03/24, 20:24:36.612, 968156836977, vstest.console.dll, TestRunRequest:SendTestRunMessage: Starting.
TpTrace Information: 0 : 32656, 7, 2022/03/24, 20:24:36.612, 968156838430, vstest.console.dll, TestRunRequest:SendTestRunMessage: Completed.
TpTrace Verbose: 0 : 32656, 7, 2022/03/24, 20:24:36.612, 968156839132, vstest.console.dll, TcpClientExtensions.MessageLoopAsync: Polling on remoteEndPoint: 127.0.0.1:55360 localEndPoint: 127.0.0.1:55359
TpTrace Verbose: 0 : 32656, 7, 2022/03/24, 20:24:36.641, 968157132185, vstest.console.dll, TcpClientExtensions.MessageLoopAsync: NotifyDataAvailable remoteEndPoint: 127.0.0.1:55360 localEndPoint: 127.0.0.1:55359
TpTrace Verbose: 0 : 32656, 7, 2022/03/24, 20:24:36.642, 968157135654, vstest.console.dll, TestRequestSender.OnExecutionMessageReceived: Received message: {"Version":5,"MessageType":"TestExecution.Completed","Payload":{"TestRunCompleteArgs":{"TestRunStatistics":{"ExecutedTests":45,"Stats":{"Passed":45}},"IsCanceled":false,"IsAborted":false,"Error":null,"AttachmentSets":[],"ElapsedTimeInRunningTests":"00:00:00.9651349","Metrics":{}},"LastRunTests":{"NewTestResults":[{"TestCase":{"Id":"9c354f7c-a605-f759-5066-c23121b89452","FullyQualifiedName":"BankAppUnitTest.TransactionLogicTest.ShouldDepositAmount","DisplayName":"BankAppUnitTest.TransactionLogicTest.ShouldDepositAmount(amount: 2500, accountNumber: \"0987654321\", description: \"Tfare\", expected: False)","ExecutorUri":"executor://xunit/VsTestRunner2/netcoreapp","Source":"C:\\Users\\hp\\Desktop\\BankAppTesting\\BankAppTesting\\BankAppUnitTest\\bin\\Debug\\netcoreapp3.1\\fine-code-coverage\\build-output\\BankAppUnitTest.dll","CodeFilePath":null,"LineNumber":0,"Properties":[]},"Attachments":[],"Outcome":1,"ErrorMessage":null,"ErrorStackTrace":null,"DisplayName":"BankAppUnitTest.TransactionLogicTest.ShouldDepositAmount(amount: 2500, accountNumber: \"0987654321\", description: \"Tfare\", expected: False)","Messages":[],"ComputerName":"DESKTOP-IU46U34","Duration":"00:00:00.0001092","StartTime":"2022-03-24T19:24:36.5985927+00:00","EndTime":"2022-03-24T19:24:36.5985972+00:00","Properties":[]},{"TestCase":{"Id":"b80ce6fe-dbb2-9521-7d93-888e21677117","FullyQualifiedName":"BankAppUnitTest.TransactionLogicTest.ShouldTransferAmount","DisplayName":"BankAppUnitTest.TransactionLogicTest.ShouldTransferAmount(amount: 3000, depositorAccountNumber: \"1234567890\", receipientAccountNumber: \"1234567810\", transactionDescription: \"USSD\", expected: True)","ExecutorUri":"executor://xunit/VsTestRunner2/netcoreapp","Source":"C:\\Users\\hp\\Desktop\\BankAppTesting\\BankAppTesting\\BankAppUnitTest\\bin\\Debug\\netcoreapp3.1\\fine-code-coverage\\build-output\\BankAppUnitTest.dll","CodeFilePath":null,"LineNumber":0,"Properties":[]},"Attachments":[],"Outcome":1,"ErrorMessage":null,"ErrorStackTrace":null,"DisplayName":"BankAppUnitTest.TransactionLogicTest.ShouldTransferAmount(amount: 3000, depositorAccountNumber: \"1234567890\", receipientAccountNumber: \"1234567810\", transactionDescription: \"USSD\", expected: True)","Messages":[],"ComputerName":"DESKTOP-IU46U34","Duration":"00:00:00.0032029","StartTime":"2022-03-24T19:24:36.6024453+00:00","EndTime":"2022-03-24T19:24:36.6024484+00:00","Properties":[]},{"TestCase":{"Id":"ac82d40e-c367-9b07-e512-3dc51c17dea4","FullyQualifiedName":"BankAppUnitTest.TransactionLogicTest.ShouldTransferAmount","DisplayName":"BankAppUnitTest.TransactionLogicTest.ShouldTransferAmount(amount: 2000, depositorAccountNumber: \"0987654321\", receipientAccountNumber: \"0987654311\", transactionDescription: \"Tfare\", expected: False)","ExecutorUri":"executor://xunit/VsTestRunner2/netcoreapp","Source":"C:\\Users\\hp\\Desktop\\BankAppTesting\\BankAppTesting\\BankAppUnitTest\\bin\\Debug\\netcoreapp3.1\\fine-code-coverage\\build-output\\BankAppUnitTest.dll","CodeFilePath":null,"LineNumber":0,"Properties":[]},"Attachments":[],"Outcome":1,"ErrorMessage":null,"ErrorStackTrace":null,"DisplayName":"BankAppUnitTest.TransactionLogicTest.ShouldTransferAmount(amount: 2000, depositorAccountNumber: \"0987654321\", receipientAccountNumber: \"0987654311\", transactionDescription: \"Tfare\", expected: False)","Messages":[],"ComputerName":"DESKTOP-IU46U34","Duration":"00:00:00.0001289","StartTime":"2022-03-24T19:24:36.6058199+00:00","EndTime":"2022-03-24T19:24:36.6058245+00:00","Properties":[]},{"TestCase":{"Id":"dd6aed76-33cc-5ba6-c451-b17cbcc40695","FullyQualifiedName":"BankAppTestProject.AccountLogicTest.ShouldGetBalance","DisplayName":"BankAppTestProject.AccountLogicTest.ShouldGetBalance","ExecutorUri":"executor://xunit/VsTestRunner2/netcoreapp","Source":"C:\\Users\\hp\\Desktop\\BankAppTesting\\BankAppTesting\\BankAppUnitTest\\bin\\Debug\\netcoreapp3.1\\fine-code-coverage\\build-output\\BankAppUnitTest.dll","CodeFilePath":null,"LineNumber":0,"Properties":[]},"Attachments":[],"Outcome":1,"ErrorMessage":null,"ErrorStackTrace":null,"DisplayName":"BankAppTestProject.AccountLogicTest.ShouldGetBalance","Messages":[],"ComputerName":"DESKTOP-IU46U34","Duration":"00:00:00.0044300","StartTime":"2022-03-24T19:24:36.6079516+00:00","EndTime":"2022-03-24T19:24:36.6079532+00:00","Properties":[]}],"TestRunStatistics":{"ExecutedTests":45,"Stats":{"Passed":45}},"ActiveTests":[]},"RunAttachments":[],"ExecutorUris":["executor://xunit/VsTestRunner2/netcoreapp"]}}
TpTrace Verbose: 0 : 32656, 7, 2022/03/24, 20:24:36.642, 968157141268, vstest.console.dll, TestRequestSender.EndSession: Sending end session.
TpTrace Verbose: 0 : 32656, 7, 2022/03/24, 20:24:36.643, 968157143760, vstest.console.dll, ProxyOperationManager.Close: waiting for test host to exit for 100 ms
TpTrace Warning: 0 : 32656, 13, 2022/03/24, 20:24:36.679, 968157508000, vstest.console.dll, TestHostManagerCallbacks.ErrorReceivedCallback Test host standard error line: 
TpTrace Verbose: 0 : 32656, 8, 2022/03/24, 20:24:36.698, 968157698279, vstest.console.dll, TestHostProvider.ExitCallBack: Host exited starting callback.
TpTrace Information: 0 : 32656, 8, 2022/03/24, 20:24:36.699, 968157709920, vstest.console.dll, TestHostManagerCallbacks.ExitCallBack: Testhost processId: 33072 exited with exitcode: 0 error: ''
TpTrace Verbose: 0 : 32656, 8, 2022/03/24, 20:24:36.699, 968157711277, vstest.console.dll, DotnetTestHostManager.OnHostExited: invoking OnHostExited callback
TpTrace Verbose: 0 : 32656, 8, 2022/03/24, 20:24:36.699, 968157712146, vstest.console.dll, CrossPlatEngine.TestHostManagerHostExited: calling on client process exit callback.
TpTrace Information: 0 : 32656, 8, 2022/03/24, 20:24:36.700, 968157713027, vstest.console.dll, TestRequestSender.OnClientProcessExit: Test host process exited. Standard error: 
TpTrace Warning: 0 : 32656, 7, 2022/03/24, 20:24:36.700, 968157713273, vstest.console.dll, ProxyOperationManager: Timed out waiting for test host to exit. Will terminate process.
TpTrace Information: 0 : 32656, 8, 2022/03/24, 20:24:36.700, 968157713778, vstest.console.dll, SocketServer.Stop: Stop server endPoint: 127.0.0.1:55359
TpTrace Information: 0 : 32656, 8, 2022/03/24, 20:24:36.700, 968157716011, vstest.console.dll, SocketServer.Stop: Cancellation requested. Stopping message loop.
TpTrace Verbose: 0 : 32656, 7, 2022/03/24, 20:24:36.701, 968157724613, vstest.console.dll, ProxyDataCollectionManager.InvokeDataCollectionServiceAction: Starting.
TpTrace Information: 0 : 32656, 7, 2022/03/24, 20:24:36.701, 968157726560, vstest.console.dll, ProxyDataCollectionManager.AfterTestRunEnd: Get attachment set for datacollector processId: 26680 port: 55356
TpTrace Verbose: 0 : 32656, 7, 2022/03/24, 20:24:36.701, 968157728149, vstest.console.dll, DataCollectionRequestSender.SendAfterTestRunStartAndGetResult : Send AfterTestRunEnd message with isCancelled: False
TpTrace Verbose: 0 : 32656, 7, 2022/03/24, 20:24:36.711, 968157824172, vstest.console.dll, DataCollectionRequestSender.SendAfterTestRunStartAndGetResult : Received message: (DataCollection.AfterTestRunEndResult) -> {
  "AttachmentSets": [],
  "Metrics": {}
}
TpTrace Information: 0 : 32656, 7, 2022/03/24, 20:24:36.716, 968157873855, vstest.console.dll, ProxyDataCollectionManager.InvokeDataCollectionServiceAction: Completed.
TpTrace Warning: 0 : 32656, 10, 2022/03/24, 20:24:36.719, 968157911439, vstest.console.dll, DataCollectionLauncher.ErrorReceivedCallback datacollector standard error line: 
TpTrace Information: 0 : 32656, 8, 2022/03/24, 20:24:36.728, 968157997726, vstest.console.dll, DataCollectionLauncher.ExitCallBack: Data collector exited with exitcode: 0 error: ''
TpTrace Verbose: 0 : 32656, 7, 2022/03/24, 20:24:36.751, 968158224777, vstest.console.dll, TestRunRequest:SendTestRunStatsChange: Starting.
TpTrace Information: 0 : 32656, 7, 2022/03/24, 20:24:36.751, 968158226730, vstest.console.dll, TestRunRequest:SendTestRunStatsChange: Completed.
TpTrace Verbose: 0 : 32656, 7, 2022/03/24, 20:24:36.751, 968158229963, vstest.console.dll, ParallelProxyExecutionManager: HandlePartialRunComplete: Total completed clients = 1, Run complete = True, Run canceled: False.
TpTrace Verbose: 0 : 32656, 7, 2022/03/24, 20:24:36.779, 968158503429, vstest.console.dll, TestRunRequest:TestRunComplete: Starting. IsAborted:False IsCanceled:False.
TpTrace Verbose: 0 : 32656, 7, 2022/03/24, 20:24:36.779, 968158507496, vstest.console.dll, TestLoggerManager.HandleTestRunComplete: Ignoring as the object is disposed.
TpTrace Verbose: 0 : 32656, 1, 2022/03/24, 20:24:36.780, 968158514720, vstest.console.dll, TestRunRequest.Dispose: Starting.
TpTrace Information: 0 : 32656, 7, 2022/03/24, 20:24:36.780, 968158514851, vstest.console.dll, TestRunRequest:TestRunComplete: Completed.
TpTrace Verbose: 0 : 32656, 7, 2022/03/24, 20:24:36.780, 968158517986, vstest.console.dll, TestRequestSender.SetOperationComplete: Setting operation complete.
TpTrace Information: 0 : 32656, 1, 2022/03/24, 20:24:36.780, 968158518140, vstest.console.dll, TestRunRequest.Dispose: Completed.
TpTrace Information: 0 : 32656, 1, 2022/03/24, 20:24:36.780, 968158519863, vstest.console.dll, TestRequestManager.RunTests: run tests completed.
TpTrace Information: 0 : 32656, 7, 2022/03/24, 20:24:36.780, 968158518779, vstest.console.dll, SocketServer.Stop: Stop server endPoint: 127.0.0.1:55359
TpTrace Information: 0 : 32656, 1, 2022/03/24, 20:24:36.780, 968158521092, vstest.console.dll, RunTestsArgumentProcessor:Execute: Test run is completed.
TpTrace Information: 0 : 32656, 7, 2022/03/24, 20:24:36.780, 968158521265, vstest.console.dll, SocketServer.Stop: Cancellation requested. Stopping message loop.
TpTrace Information: 0 : 32656, 7, 2022/03/24, 20:24:36.780, 968158522385, vstest.console.dll, SocketServer.PrivateStop: Stopping server endPoint: 127.0.0.1:55359 error: 
TpTrace Verbose: 0 : 32656, 1, 2022/03/24, 20:24:36.781, 968158525614, vstest.console.dll, Executor.Execute: Exiting with exit code of 0
TpTrace Verbose: 0 : 32656, 7, 2022/03/24, 20:24:36.781, 968158529299, vstest.console.dll, LengthPrefixCommunicationChannel.Dispose: Dispose reader and writer.
TpTrace Information: 0 : 32656, 7, 2022/03/24, 20:24:36.781, 968158530554, vstest.console.dll, SocketServer.Stop: Raise disconnected event endPoint: 127.0.0.1:55359 error: 
TpTrace Verbose: 0 : 32656, 7, 2022/03/24, 20:24:36.781, 968158531493, vstest.console.dll, TestRequestSender: OnTestRunAbort: Operation is already complete. Skip error message.
TpTrace Verbose: 0 : 32656, 7, 2022/03/24, 20:24:36.781, 968158531958, vstest.console.dll, TcpClientExtensions.MessageLoopAsync: exiting MessageLoopAsync remoteEndPoint: 127.0.0.1:55360 localEndPoint: 127.0.0.1:55359
